{"/home/vboxuser/Desktop/programming/meistericons/packages/build-icons/index.ts": {"path":"/home/vboxuser/Desktop/programming/meistericons/packages/build-icons/index.ts","all":true,"statementMap":{"0":{"start":{"line":1,"column":0},"end":{"line":1,"column":124}},"1":{"start":{"line":2,"column":0},"end":{"line":2,"column":46}},"2":{"start":{"line":3,"column":0},"end":{"line":3,"column":39}},"3":{"start":{"line":4,"column":0},"end":{"line":4,"column":33}},"4":{"start":{"line":5,"column":0},"end":{"line":5,"column":49}},"5":{"start":{"line":6,"column":0},"end":{"line":6,"column":29}},"6":{"start":{"line":7,"column":0},"end":{"line":7,"column":35}},"7":{"start":{"line":8,"column":0},"end":{"line":8,"column":0}},"8":{"start":{"line":9,"column":0},"end":{"line":9,"column":50}},"9":{"start":{"line":10,"column":0},"end":{"line":10,"column":0}},"10":{"start":{"line":11,"column":0},"end":{"line":11,"column":54}},"11":{"start":{"line":12,"column":0},"end":{"line":12,"column":0}},"12":{"start":{"line":13,"column":0},"end":{"line":13,"column":59}},"13":{"start":{"line":14,"column":0},"end":{"line":14,"column":0}},"14":{"start":{"line":15,"column":0},"end":{"line":15,"column":39}},"15":{"start":{"line":16,"column":0},"end":{"line":16,"column":36}},"16":{"start":{"line":17,"column":0},"end":{"line":17,"column":57}},"17":{"start":{"line":18,"column":0},"end":{"line":18,"column":1}},"18":{"start":{"line":19,"column":0},"end":{"line":19,"column":0}},"19":{"start":{"line":20,"column":0},"end":{"line":20,"column":43}},"20":{"start":{"line":21,"column":0},"end":{"line":21,"column":30}},"21":{"start":{"line":22,"column":0},"end":{"line":22,"column":55}},"22":{"start":{"line":23,"column":0},"end":{"line":23,"column":0}},"23":{"start":{"line":24,"column":0},"end":{"line":24,"column":47}},"24":{"start":{"line":25,"column":0},"end":{"line":25,"column":40}},"25":{"start":{"line":26,"column":0},"end":{"line":26,"column":78}},"26":{"start":{"line":27,"column":0},"end":{"line":27,"column":13}},"27":{"start":{"line":28,"column":0},"end":{"line":28,"column":0}},"28":{"start":{"line":29,"column":0},"end":{"line":29,"column":51}},"29":{"start":{"line":30,"column":0},"end":{"line":30,"column":55}},"30":{"start":{"line":31,"column":0},"end":{"line":31,"column":13}},"31":{"start":{"line":32,"column":0},"end":{"line":32,"column":11}},"32":{"start":{"line":33,"column":0},"end":{"line":33,"column":0}},"33":{"start":{"line":34,"column":0},"end":{"line":34,"column":0}},"34":{"start":{"line":35,"column":0},"end":{"line":35,"column":118}},"35":{"start":{"line":36,"column":0},"end":{"line":36,"column":0}},"36":{"start":{"line":37,"column":0},"end":{"line":37,"column":41}},"37":{"start":{"line":38,"column":0},"end":{"line":38,"column":56}},"38":{"start":{"line":39,"column":0},"end":{"line":39,"column":36}},"39":{"start":{"line":40,"column":0},"end":{"line":40,"column":0}},"40":{"start":{"line":41,"column":0},"end":{"line":41,"column":5}},"41":{"start":{"line":42,"column":0},"end":{"line":42,"column":1}},"42":{"start":{"line":43,"column":0},"end":{"line":43,"column":0}},"43":{"start":{"line":44,"column":0},"end":{"line":44,"column":107}}},"s":{"0":0,"1":0,"2":0,"3":0,"4":0,"5":0,"6":0,"7":0,"8":0,"9":0,"10":0,"11":0,"12":0,"13":0,"14":0,"15":0,"16":0,"17":0,"18":0,"19":0,"20":0,"21":0,"22":0,"23":0,"24":0,"25":0,"26":0,"27":0,"28":0,"29":0,"30":0,"31":0,"32":0,"33":0,"34":0,"35":0,"36":0,"37":0,"38":0,"39":0,"40":0,"41":0,"42":0,"43":0},"branchMap":{"0":{"type":"branch","line":1,"loc":{"start":{"line":1,"column":0},"end":{"line":44,"column":107}},"locations":[{"start":{"line":1,"column":0},"end":{"line":44,"column":107}}]}},"b":{"0":[0]},"fnMap":{"0":{"name":"(empty-report)","decl":{"start":{"line":1,"column":0},"end":{"line":44,"column":107}},"loc":{"start":{"line":1,"column":0},"end":{"line":44,"column":107}},"line":1}},"f":{"0":0}}
,"/home/vboxuser/Desktop/programming/meistericons/packages/build-icons/lib/cjs/build-icons.cjs.cjs": {"path":"/home/vboxuser/Desktop/programming/meistericons/packages/build-icons/lib/cjs/build-icons.cjs.cjs","all":true,"statementMap":{"0":{"start":{"line":1,"column":0},"end":{"line":1,"column":91}},"1":{"start":{"line":2,"column":0},"end":{"line":2,"column":28}},"2":{"start":{"line":3,"column":0},"end":{"line":3,"column":41}},"3":{"start":{"line":4,"column":0},"end":{"line":4,"column":33}},"4":{"start":{"line":5,"column":0},"end":{"line":5,"column":0}},"5":{"start":{"line":6,"column":0},"end":{"line":6,"column":2665}},"6":{"start":{"line":7,"column":0},"end":{"line":7,"column":0}},"7":{"start":{"line":8,"column":0},"end":{"line":8,"column":1363847}},"8":{"start":{"line":9,"column":0},"end":{"line":9,"column":0}},"9":{"start":{"line":10,"column":0},"end":{"line":10,"column":40}},"10":{"start":{"line":11,"column":0},"end":{"line":11,"column":17}},"11":{"start":{"line":12,"column":0},"end":{"line":12,"column":9}},"12":{"start":{"line":13,"column":0},"end":{"line":13,"column":14}},"13":{"start":{"line":14,"column":0},"end":{"line":14,"column":15}},"14":{"start":{"line":15,"column":0},"end":{"line":15,"column":15}},"15":{"start":{"line":16,"column":0},"end":{"line":16,"column":16}},"16":{"start":{"line":17,"column":0},"end":{"line":17,"column":17}},"17":{"start":{"line":18,"column":0},"end":{"line":18,"column":18}},"18":{"start":{"line":19,"column":0},"end":{"line":19,"column":12}},"19":{"start":{"line":20,"column":0},"end":{"line":20,"column":15}},"20":{"start":{"line":21,"column":0},"end":{"line":21,"column":16}},"21":{"start":{"line":22,"column":0},"end":{"line":22,"column":13}},"22":{"start":{"line":23,"column":0},"end":{"line":23,"column":15}},"23":{"start":{"line":24,"column":0},"end":{"line":24,"column":11}},"24":{"start":{"line":25,"column":0},"end":{"line":25,"column":14}},"25":{"start":{"line":26,"column":0},"end":{"line":26,"column":15}},"26":{"start":{"line":27,"column":0},"end":{"line":27,"column":20}},"27":{"start":{"line":28,"column":0},"end":{"line":28,"column":21}},"28":{"start":{"line":29,"column":0},"end":{"line":29,"column":20}},"29":{"start":{"line":30,"column":0},"end":{"line":30,"column":21}},"30":{"start":{"line":31,"column":0},"end":{"line":31,"column":21}},"31":{"start":{"line":32,"column":0},"end":{"line":32,"column":22}},"32":{"start":{"line":33,"column":0},"end":{"line":33,"column":18}},"33":{"start":{"line":34,"column":0},"end":{"line":34,"column":19}},"34":{"start":{"line":35,"column":0},"end":{"line":35,"column":12}},"35":{"start":{"line":36,"column":0},"end":{"line":36,"column":16}},"36":{"start":{"line":37,"column":0},"end":{"line":37,"column":17}},"37":{"start":{"line":38,"column":0},"end":{"line":38,"column":16}},"38":{"start":{"line":39,"column":0},"end":{"line":39,"column":16}},"39":{"start":{"line":40,"column":0},"end":{"line":40,"column":17}},"40":{"start":{"line":41,"column":0},"end":{"line":41,"column":15}},"41":{"start":{"line":42,"column":0},"end":{"line":42,"column":16}},"42":{"start":{"line":43,"column":0},"end":{"line":43,"column":15}},"43":{"start":{"line":44,"column":0},"end":{"line":44,"column":16}},"44":{"start":{"line":45,"column":0},"end":{"line":45,"column":17}},"45":{"start":{"line":46,"column":0},"end":{"line":46,"column":18}},"46":{"start":{"line":47,"column":0},"end":{"line":47,"column":17}},"47":{"start":{"line":48,"column":0},"end":{"line":48,"column":18}},"48":{"start":{"line":49,"column":0},"end":{"line":49,"column":15}},"49":{"start":{"line":50,"column":0},"end":{"line":50,"column":16}},"50":{"start":{"line":51,"column":0},"end":{"line":51,"column":14}},"51":{"start":{"line":52,"column":0},"end":{"line":52,"column":15}},"52":{"start":{"line":53,"column":0},"end":{"line":53,"column":17}},"53":{"start":{"line":54,"column":0},"end":{"line":54,"column":18}},"54":{"start":{"line":55,"column":0},"end":{"line":55,"column":10}},"55":{"start":{"line":56,"column":0},"end":{"line":56,"column":11}},"56":{"start":{"line":57,"column":0},"end":{"line":57,"column":12}},"57":{"start":{"line":58,"column":0},"end":{"line":58,"column":13}},"58":{"start":{"line":59,"column":0},"end":{"line":59,"column":14}},"59":{"start":{"line":60,"column":0},"end":{"line":60,"column":15}},"60":{"start":{"line":61,"column":0},"end":{"line":61,"column":14}},"61":{"start":{"line":62,"column":0},"end":{"line":62,"column":11}},"62":{"start":{"line":63,"column":0},"end":{"line":63,"column":15}},"63":{"start":{"line":64,"column":0},"end":{"line":64,"column":16}},"64":{"start":{"line":65,"column":0},"end":{"line":65,"column":13}},"65":{"start":{"line":66,"column":0},"end":{"line":66,"column":16}},"66":{"start":{"line":67,"column":0},"end":{"line":67,"column":17}},"67":{"start":{"line":68,"column":0},"end":{"line":68,"column":14}},"68":{"start":{"line":69,"column":0},"end":{"line":69,"column":18}},"69":{"start":{"line":70,"column":0},"end":{"line":70,"column":19}},"70":{"start":{"line":71,"column":0},"end":{"line":71,"column":20}},"71":{"start":{"line":72,"column":0},"end":{"line":72,"column":21}},"72":{"start":{"line":73,"column":0},"end":{"line":73,"column":24}},"73":{"start":{"line":74,"column":0},"end":{"line":74,"column":25}},"74":{"start":{"line":75,"column":0},"end":{"line":75,"column":25}},"75":{"start":{"line":76,"column":0},"end":{"line":76,"column":26}},"76":{"start":{"line":77,"column":0},"end":{"line":77,"column":20}},"77":{"start":{"line":78,"column":0},"end":{"line":78,"column":21}},"78":{"start":{"line":79,"column":0},"end":{"line":79,"column":21}},"79":{"start":{"line":80,"column":0},"end":{"line":80,"column":22}},"80":{"start":{"line":81,"column":0},"end":{"line":81,"column":23}},"81":{"start":{"line":82,"column":0},"end":{"line":82,"column":24}},"82":{"start":{"line":83,"column":0},"end":{"line":83,"column":24}},"83":{"start":{"line":84,"column":0},"end":{"line":84,"column":25}},"84":{"start":{"line":85,"column":0},"end":{"line":85,"column":18}},"85":{"start":{"line":86,"column":0},"end":{"line":86,"column":19}},"86":{"start":{"line":87,"column":0},"end":{"line":87,"column":20}},"87":{"start":{"line":88,"column":0},"end":{"line":88,"column":20}},"88":{"start":{"line":89,"column":0},"end":{"line":89,"column":21}},"89":{"start":{"line":90,"column":0},"end":{"line":90,"column":19}},"90":{"start":{"line":91,"column":0},"end":{"line":91,"column":21}},"91":{"start":{"line":92,"column":0},"end":{"line":92,"column":22}},"92":{"start":{"line":93,"column":0},"end":{"line":93,"column":25}},"93":{"start":{"line":94,"column":0},"end":{"line":94,"column":26}},"94":{"start":{"line":95,"column":0},"end":{"line":95,"column":26}},"95":{"start":{"line":96,"column":0},"end":{"line":96,"column":27}},"96":{"start":{"line":97,"column":0},"end":{"line":97,"column":21}},"97":{"start":{"line":98,"column":0},"end":{"line":98,"column":22}},"98":{"start":{"line":99,"column":0},"end":{"line":99,"column":22}},"99":{"start":{"line":100,"column":0},"end":{"line":100,"column":23}},"100":{"start":{"line":101,"column":0},"end":{"line":101,"column":20}},"101":{"start":{"line":102,"column":0},"end":{"line":102,"column":21}},"102":{"start":{"line":103,"column":0},"end":{"line":103,"column":24}},"103":{"start":{"line":104,"column":0},"end":{"line":104,"column":25}},"104":{"start":{"line":105,"column":0},"end":{"line":105,"column":25}},"105":{"start":{"line":106,"column":0},"end":{"line":106,"column":26}},"106":{"start":{"line":107,"column":0},"end":{"line":107,"column":20}},"107":{"start":{"line":108,"column":0},"end":{"line":108,"column":20}},"108":{"start":{"line":109,"column":0},"end":{"line":109,"column":21}},"109":{"start":{"line":110,"column":0},"end":{"line":110,"column":19}},"110":{"start":{"line":111,"column":0},"end":{"line":111,"column":26}},"111":{"start":{"line":112,"column":0},"end":{"line":112,"column":22}},"112":{"start":{"line":113,"column":0},"end":{"line":113,"column":23}},"113":{"start":{"line":114,"column":0},"end":{"line":114,"column":22}},"114":{"start":{"line":115,"column":0},"end":{"line":115,"column":22}},"115":{"start":{"line":116,"column":0},"end":{"line":116,"column":15}},"116":{"start":{"line":117,"column":0},"end":{"line":117,"column":19}},"117":{"start":{"line":118,"column":0},"end":{"line":118,"column":20}},"118":{"start":{"line":119,"column":0},"end":{"line":119,"column":20}},"119":{"start":{"line":120,"column":0},"end":{"line":120,"column":18}},"120":{"start":{"line":121,"column":0},"end":{"line":121,"column":18}},"121":{"start":{"line":122,"column":0},"end":{"line":122,"column":19}},"122":{"start":{"line":123,"column":0},"end":{"line":123,"column":17}},"123":{"start":{"line":124,"column":0},"end":{"line":124,"column":21}},"124":{"start":{"line":125,"column":0},"end":{"line":125,"column":15}},"125":{"start":{"line":126,"column":0},"end":{"line":126,"column":19}},"126":{"start":{"line":127,"column":0},"end":{"line":127,"column":20}},"127":{"start":{"line":128,"column":0},"end":{"line":128,"column":26}},"128":{"start":{"line":129,"column":0},"end":{"line":129,"column":23}},"129":{"start":{"line":130,"column":0},"end":{"line":130,"column":23}},"130":{"start":{"line":131,"column":0},"end":{"line":131,"column":24}},"131":{"start":{"line":132,"column":0},"end":{"line":132,"column":24}},"132":{"start":{"line":133,"column":0},"end":{"line":133,"column":25}},"133":{"start":{"line":134,"column":0},"end":{"line":134,"column":26}},"134":{"start":{"line":135,"column":0},"end":{"line":135,"column":16}},"135":{"start":{"line":136,"column":0},"end":{"line":136,"column":26}},"136":{"start":{"line":137,"column":0},"end":{"line":137,"column":27}},"137":{"start":{"line":138,"column":0},"end":{"line":138,"column":25}},"138":{"start":{"line":139,"column":0},"end":{"line":139,"column":26}},"139":{"start":{"line":140,"column":0},"end":{"line":140,"column":15}},"140":{"start":{"line":141,"column":0},"end":{"line":141,"column":16}},"141":{"start":{"line":142,"column":0},"end":{"line":142,"column":21}},"142":{"start":{"line":143,"column":0},"end":{"line":143,"column":22}},"143":{"start":{"line":144,"column":0},"end":{"line":144,"column":25}},"144":{"start":{"line":145,"column":0},"end":{"line":145,"column":26}},"145":{"start":{"line":146,"column":0},"end":{"line":146,"column":26}},"146":{"start":{"line":147,"column":0},"end":{"line":147,"column":27}},"147":{"start":{"line":148,"column":0},"end":{"line":148,"column":21}},"148":{"start":{"line":149,"column":0},"end":{"line":149,"column":22}},"149":{"start":{"line":150,"column":0},"end":{"line":150,"column":22}},"150":{"start":{"line":151,"column":0},"end":{"line":151,"column":23}},"151":{"start":{"line":152,"column":0},"end":{"line":152,"column":20}},"152":{"start":{"line":153,"column":0},"end":{"line":153,"column":21}},"153":{"start":{"line":154,"column":0},"end":{"line":154,"column":24}},"154":{"start":{"line":155,"column":0},"end":{"line":155,"column":25}},"155":{"start":{"line":156,"column":0},"end":{"line":156,"column":25}},"156":{"start":{"line":157,"column":0},"end":{"line":157,"column":26}},"157":{"start":{"line":158,"column":0},"end":{"line":158,"column":14}},"158":{"start":{"line":159,"column":0},"end":{"line":159,"column":18}},"159":{"start":{"line":160,"column":0},"end":{"line":160,"column":19}},"160":{"start":{"line":161,"column":0},"end":{"line":161,"column":13}},"161":{"start":{"line":162,"column":0},"end":{"line":162,"column":19}},"162":{"start":{"line":163,"column":0},"end":{"line":163,"column":19}},"163":{"start":{"line":164,"column":0},"end":{"line":164,"column":18}},"164":{"start":{"line":165,"column":0},"end":{"line":165,"column":10}},"165":{"start":{"line":166,"column":0},"end":{"line":166,"column":11}},"166":{"start":{"line":167,"column":0},"end":{"line":167,"column":12}},"167":{"start":{"line":168,"column":0},"end":{"line":168,"column":18}},"168":{"start":{"line":169,"column":0},"end":{"line":169,"column":19}},"169":{"start":{"line":170,"column":0},"end":{"line":170,"column":18}},"170":{"start":{"line":171,"column":0},"end":{"line":171,"column":19}},"171":{"start":{"line":172,"column":0},"end":{"line":172,"column":11}},"172":{"start":{"line":173,"column":0},"end":{"line":173,"column":12}},"173":{"start":{"line":174,"column":0},"end":{"line":174,"column":15}},"174":{"start":{"line":175,"column":0},"end":{"line":175,"column":9}},"175":{"start":{"line":176,"column":0},"end":{"line":176,"column":12}},"176":{"start":{"line":177,"column":0},"end":{"line":177,"column":13}},"177":{"start":{"line":178,"column":0},"end":{"line":178,"column":12}},"178":{"start":{"line":179,"column":0},"end":{"line":179,"column":13}},"179":{"start":{"line":180,"column":0},"end":{"line":180,"column":10}},"180":{"start":{"line":181,"column":0},"end":{"line":181,"column":14}},"181":{"start":{"line":182,"column":0},"end":{"line":182,"column":15}},"182":{"start":{"line":183,"column":0},"end":{"line":183,"column":14}},"183":{"start":{"line":184,"column":0},"end":{"line":184,"column":15}},"184":{"start":{"line":185,"column":0},"end":{"line":185,"column":15}},"185":{"start":{"line":186,"column":0},"end":{"line":186,"column":16}},"186":{"start":{"line":187,"column":0},"end":{"line":187,"column":18}},"187":{"start":{"line":188,"column":0},"end":{"line":188,"column":16}},"188":{"start":{"line":189,"column":0},"end":{"line":189,"column":17}},"189":{"start":{"line":190,"column":0},"end":{"line":190,"column":20}},"190":{"start":{"line":191,"column":0},"end":{"line":191,"column":20}},"191":{"start":{"line":192,"column":0},"end":{"line":192,"column":19}},"192":{"start":{"line":193,"column":0},"end":{"line":193,"column":20}},"193":{"start":{"line":194,"column":0},"end":{"line":194,"column":13}},"194":{"start":{"line":195,"column":0},"end":{"line":195,"column":14}},"195":{"start":{"line":196,"column":0},"end":{"line":196,"column":14}},"196":{"start":{"line":197,"column":0},"end":{"line":197,"column":15}},"197":{"start":{"line":198,"column":0},"end":{"line":198,"column":13}},"198":{"start":{"line":199,"column":0},"end":{"line":199,"column":14}},"199":{"start":{"line":200,"column":0},"end":{"line":200,"column":17}},"200":{"start":{"line":201,"column":0},"end":{"line":201,"column":10}},"201":{"start":{"line":202,"column":0},"end":{"line":202,"column":11}},"202":{"start":{"line":203,"column":0},"end":{"line":203,"column":14}},"203":{"start":{"line":204,"column":0},"end":{"line":204,"column":15}},"204":{"start":{"line":205,"column":0},"end":{"line":205,"column":15}},"205":{"start":{"line":206,"column":0},"end":{"line":206,"column":16}},"206":{"start":{"line":207,"column":0},"end":{"line":207,"column":13}},"207":{"start":{"line":208,"column":0},"end":{"line":208,"column":14}},"208":{"start":{"line":209,"column":0},"end":{"line":209,"column":13}},"209":{"start":{"line":210,"column":0},"end":{"line":210,"column":14}},"210":{"start":{"line":211,"column":0},"end":{"line":211,"column":13}},"211":{"start":{"line":212,"column":0},"end":{"line":212,"column":14}},"212":{"start":{"line":213,"column":0},"end":{"line":213,"column":13}},"213":{"start":{"line":214,"column":0},"end":{"line":214,"column":14}},"214":{"start":{"line":215,"column":0},"end":{"line":215,"column":12}},"215":{"start":{"line":216,"column":0},"end":{"line":216,"column":13}},"216":{"start":{"line":217,"column":0},"end":{"line":217,"column":16}},"217":{"start":{"line":218,"column":0},"end":{"line":218,"column":17}},"218":{"start":{"line":219,"column":0},"end":{"line":219,"column":9}},"219":{"start":{"line":220,"column":0},"end":{"line":220,"column":10}},"220":{"start":{"line":221,"column":0},"end":{"line":221,"column":9}},"221":{"start":{"line":222,"column":0},"end":{"line":222,"column":10}},"222":{"start":{"line":223,"column":0},"end":{"line":223,"column":11}},"223":{"start":{"line":224,"column":0},"end":{"line":224,"column":14}},"224":{"start":{"line":225,"column":0},"end":{"line":225,"column":12}},"225":{"start":{"line":226,"column":0},"end":{"line":226,"column":16}},"226":{"start":{"line":227,"column":0},"end":{"line":227,"column":16}},"227":{"start":{"line":228,"column":0},"end":{"line":228,"column":17}},"228":{"start":{"line":229,"column":0},"end":{"line":229,"column":16}},"229":{"start":{"line":230,"column":0},"end":{"line":230,"column":15}},"230":{"start":{"line":231,"column":0},"end":{"line":231,"column":16}},"231":{"start":{"line":232,"column":0},"end":{"line":232,"column":16}},"232":{"start":{"line":233,"column":0},"end":{"line":233,"column":16}},"233":{"start":{"line":234,"column":0},"end":{"line":234,"column":14}},"234":{"start":{"line":235,"column":0},"end":{"line":235,"column":15}},"235":{"start":{"line":236,"column":0},"end":{"line":236,"column":16}},"236":{"start":{"line":237,"column":0},"end":{"line":237,"column":17}},"237":{"start":{"line":238,"column":0},"end":{"line":238,"column":15}},"238":{"start":{"line":239,"column":0},"end":{"line":239,"column":19}},"239":{"start":{"line":240,"column":0},"end":{"line":240,"column":19}},"240":{"start":{"line":241,"column":0},"end":{"line":241,"column":15}},"241":{"start":{"line":242,"column":0},"end":{"line":242,"column":16}},"242":{"start":{"line":243,"column":0},"end":{"line":243,"column":20}},"243":{"start":{"line":244,"column":0},"end":{"line":244,"column":10}},"244":{"start":{"line":245,"column":0},"end":{"line":245,"column":11}},"245":{"start":{"line":246,"column":0},"end":{"line":246,"column":13}},"246":{"start":{"line":247,"column":0},"end":{"line":247,"column":14}},"247":{"start":{"line":248,"column":0},"end":{"line":248,"column":9}},"248":{"start":{"line":249,"column":0},"end":{"line":249,"column":12}},"249":{"start":{"line":250,"column":0},"end":{"line":250,"column":13}},"250":{"start":{"line":251,"column":0},"end":{"line":251,"column":22}},"251":{"start":{"line":252,"column":0},"end":{"line":252,"column":23}},"252":{"start":{"line":253,"column":0},"end":{"line":253,"column":21}},"253":{"start":{"line":254,"column":0},"end":{"line":254,"column":22}},"254":{"start":{"line":255,"column":0},"end":{"line":255,"column":10}},"255":{"start":{"line":256,"column":0},"end":{"line":256,"column":14}},"256":{"start":{"line":257,"column":0},"end":{"line":257,"column":15}},"257":{"start":{"line":258,"column":0},"end":{"line":258,"column":14}},"258":{"start":{"line":259,"column":0},"end":{"line":259,"column":15}},"259":{"start":{"line":260,"column":0},"end":{"line":260,"column":14}},"260":{"start":{"line":261,"column":0},"end":{"line":261,"column":15}},"261":{"start":{"line":262,"column":0},"end":{"line":262,"column":15}},"262":{"start":{"line":263,"column":0},"end":{"line":263,"column":16}},"263":{"start":{"line":264,"column":0},"end":{"line":264,"column":17}},"264":{"start":{"line":265,"column":0},"end":{"line":265,"column":18}},"265":{"start":{"line":266,"column":0},"end":{"line":266,"column":14}},"266":{"start":{"line":267,"column":0},"end":{"line":267,"column":15}},"267":{"start":{"line":268,"column":0},"end":{"line":268,"column":11}},"268":{"start":{"line":269,"column":0},"end":{"line":269,"column":12}},"269":{"start":{"line":270,"column":0},"end":{"line":270,"column":12}},"270":{"start":{"line":271,"column":0},"end":{"line":271,"column":12}},"271":{"start":{"line":272,"column":0},"end":{"line":272,"column":15}},"272":{"start":{"line":273,"column":0},"end":{"line":273,"column":16}},"273":{"start":{"line":274,"column":0},"end":{"line":274,"column":13}},"274":{"start":{"line":275,"column":0},"end":{"line":275,"column":17}},"275":{"start":{"line":276,"column":0},"end":{"line":276,"column":18}},"276":{"start":{"line":277,"column":0},"end":{"line":277,"column":17}},"277":{"start":{"line":278,"column":0},"end":{"line":278,"column":18}},"278":{"start":{"line":279,"column":0},"end":{"line":279,"column":11}},"279":{"start":{"line":280,"column":0},"end":{"line":280,"column":12}},"280":{"start":{"line":281,"column":0},"end":{"line":281,"column":15}},"281":{"start":{"line":282,"column":0},"end":{"line":282,"column":15}},"282":{"start":{"line":283,"column":0},"end":{"line":283,"column":15}},"283":{"start":{"line":284,"column":0},"end":{"line":284,"column":16}},"284":{"start":{"line":285,"column":0},"end":{"line":285,"column":9}},"285":{"start":{"line":286,"column":0},"end":{"line":286,"column":10}},"286":{"start":{"line":287,"column":0},"end":{"line":287,"column":10}},"287":{"start":{"line":288,"column":0},"end":{"line":288,"column":11}},"288":{"start":{"line":289,"column":0},"end":{"line":289,"column":14}},"289":{"start":{"line":290,"column":0},"end":{"line":290,"column":15}},"290":{"start":{"line":291,"column":0},"end":{"line":291,"column":12}},"291":{"start":{"line":292,"column":0},"end":{"line":292,"column":13}},"292":{"start":{"line":293,"column":0},"end":{"line":293,"column":12}},"293":{"start":{"line":294,"column":0},"end":{"line":294,"column":13}},"294":{"start":{"line":295,"column":0},"end":{"line":295,"column":10}},"295":{"start":{"line":296,"column":0},"end":{"line":296,"column":15}},"296":{"start":{"line":297,"column":0},"end":{"line":297,"column":16}},"297":{"start":{"line":298,"column":0},"end":{"line":298,"column":14}},"298":{"start":{"line":299,"column":0},"end":{"line":299,"column":15}},"299":{"start":{"line":300,"column":0},"end":{"line":300,"column":16}},"300":{"start":{"line":301,"column":0},"end":{"line":301,"column":15}},"301":{"start":{"line":302,"column":0},"end":{"line":302,"column":18}},"302":{"start":{"line":303,"column":0},"end":{"line":303,"column":19}},"303":{"start":{"line":304,"column":0},"end":{"line":304,"column":16}},"304":{"start":{"line":305,"column":0},"end":{"line":305,"column":20}},"305":{"start":{"line":306,"column":0},"end":{"line":306,"column":21}},"306":{"start":{"line":307,"column":0},"end":{"line":307,"column":20}},"307":{"start":{"line":308,"column":0},"end":{"line":308,"column":21}},"308":{"start":{"line":309,"column":0},"end":{"line":309,"column":18}},"309":{"start":{"line":310,"column":0},"end":{"line":310,"column":19}},"310":{"start":{"line":311,"column":0},"end":{"line":311,"column":19}},"311":{"start":{"line":312,"column":0},"end":{"line":312,"column":20}},"312":{"start":{"line":313,"column":0},"end":{"line":313,"column":19}},"313":{"start":{"line":314,"column":0},"end":{"line":314,"column":20}},"314":{"start":{"line":315,"column":0},"end":{"line":315,"column":20}},"315":{"start":{"line":316,"column":0},"end":{"line":316,"column":17}},"316":{"start":{"line":317,"column":0},"end":{"line":317,"column":18}},"317":{"start":{"line":318,"column":0},"end":{"line":318,"column":15}},"318":{"start":{"line":319,"column":0},"end":{"line":319,"column":19}},"319":{"start":{"line":320,"column":0},"end":{"line":320,"column":20}},"320":{"start":{"line":321,"column":0},"end":{"line":321,"column":18}},"321":{"start":{"line":322,"column":0},"end":{"line":322,"column":19}},"322":{"start":{"line":323,"column":0},"end":{"line":323,"column":19}},"323":{"start":{"line":324,"column":0},"end":{"line":324,"column":20}},"324":{"start":{"line":325,"column":0},"end":{"line":325,"column":18}},"325":{"start":{"line":326,"column":0},"end":{"line":326,"column":19}},"326":{"start":{"line":327,"column":0},"end":{"line":327,"column":17}},"327":{"start":{"line":328,"column":0},"end":{"line":328,"column":18}},"328":{"start":{"line":329,"column":0},"end":{"line":329,"column":19}},"329":{"start":{"line":330,"column":0},"end":{"line":330,"column":19}},"330":{"start":{"line":331,"column":0},"end":{"line":331,"column":20}},"331":{"start":{"line":332,"column":0},"end":{"line":332,"column":18}},"332":{"start":{"line":333,"column":0},"end":{"line":333,"column":19}},"333":{"start":{"line":334,"column":0},"end":{"line":334,"column":12}},"334":{"start":{"line":335,"column":0},"end":{"line":335,"column":13}},"335":{"start":{"line":336,"column":0},"end":{"line":336,"column":14}},"336":{"start":{"line":337,"column":0},"end":{"line":337,"column":13}},"337":{"start":{"line":338,"column":0},"end":{"line":338,"column":14}},"338":{"start":{"line":339,"column":0},"end":{"line":339,"column":13}},"339":{"start":{"line":340,"column":0},"end":{"line":340,"column":19}},"340":{"start":{"line":341,"column":0},"end":{"line":341,"column":20}},"341":{"start":{"line":342,"column":0},"end":{"line":342,"column":17}},"342":{"start":{"line":343,"column":0},"end":{"line":343,"column":18}},"343":{"start":{"line":344,"column":0},"end":{"line":344,"column":11}},"344":{"start":{"line":345,"column":0},"end":{"line":345,"column":12}},"345":{"start":{"line":346,"column":0},"end":{"line":346,"column":9}},"346":{"start":{"line":347,"column":0},"end":{"line":347,"column":10}},"347":{"start":{"line":348,"column":0},"end":{"line":348,"column":10}},"348":{"start":{"line":349,"column":0},"end":{"line":349,"column":13}},"349":{"start":{"line":350,"column":0},"end":{"line":350,"column":14}},"350":{"start":{"line":351,"column":0},"end":{"line":351,"column":13}},"351":{"start":{"line":352,"column":0},"end":{"line":352,"column":14}},"352":{"start":{"line":353,"column":0},"end":{"line":353,"column":17}},"353":{"start":{"line":354,"column":0},"end":{"line":354,"column":11}},"354":{"start":{"line":355,"column":0},"end":{"line":355,"column":15}},"355":{"start":{"line":356,"column":0},"end":{"line":356,"column":16}},"356":{"start":{"line":357,"column":0},"end":{"line":357,"column":15}},"357":{"start":{"line":358,"column":0},"end":{"line":358,"column":16}},"358":{"start":{"line":359,"column":0},"end":{"line":359,"column":14}},"359":{"start":{"line":360,"column":0},"end":{"line":360,"column":15}},"360":{"start":{"line":361,"column":0},"end":{"line":361,"column":15}},"361":{"start":{"line":362,"column":0},"end":{"line":362,"column":16}},"362":{"start":{"line":363,"column":0},"end":{"line":363,"column":17}},"363":{"start":{"line":364,"column":0},"end":{"line":364,"column":20}},"364":{"start":{"line":365,"column":0},"end":{"line":365,"column":21}},"365":{"start":{"line":366,"column":0},"end":{"line":366,"column":18}},"366":{"start":{"line":367,"column":0},"end":{"line":367,"column":18}},"367":{"start":{"line":368,"column":0},"end":{"line":368,"column":19}},"368":{"start":{"line":369,"column":0},"end":{"line":369,"column":15}},"369":{"start":{"line":370,"column":0},"end":{"line":370,"column":18}},"370":{"start":{"line":371,"column":0},"end":{"line":371,"column":16}},"371":{"start":{"line":372,"column":0},"end":{"line":372,"column":17}},"372":{"start":{"line":373,"column":0},"end":{"line":373,"column":14}},"373":{"start":{"line":374,"column":0},"end":{"line":374,"column":25}},"374":{"start":{"line":375,"column":0},"end":{"line":375,"column":26}},"375":{"start":{"line":376,"column":0},"end":{"line":376,"column":26}},"376":{"start":{"line":377,"column":0},"end":{"line":377,"column":27}},"377":{"start":{"line":378,"column":0},"end":{"line":378,"column":21}},"378":{"start":{"line":379,"column":0},"end":{"line":379,"column":22}},"379":{"start":{"line":380,"column":0},"end":{"line":380,"column":22}},"380":{"start":{"line":381,"column":0},"end":{"line":381,"column":23}},"381":{"start":{"line":382,"column":0},"end":{"line":382,"column":23}},"382":{"start":{"line":383,"column":0},"end":{"line":383,"column":24}},"383":{"start":{"line":384,"column":0},"end":{"line":384,"column":20}},"384":{"start":{"line":385,"column":0},"end":{"line":385,"column":21}},"385":{"start":{"line":386,"column":0},"end":{"line":386,"column":24}},"386":{"start":{"line":387,"column":0},"end":{"line":387,"column":25}},"387":{"start":{"line":388,"column":0},"end":{"line":388,"column":25}},"388":{"start":{"line":389,"column":0},"end":{"line":389,"column":26}},"389":{"start":{"line":390,"column":0},"end":{"line":390,"column":10}},"390":{"start":{"line":391,"column":0},"end":{"line":391,"column":11}},"391":{"start":{"line":392,"column":0},"end":{"line":392,"column":16}},"392":{"start":{"line":393,"column":0},"end":{"line":393,"column":17}},"393":{"start":{"line":394,"column":0},"end":{"line":394,"column":17}},"394":{"start":{"line":395,"column":0},"end":{"line":395,"column":18}},"395":{"start":{"line":396,"column":0},"end":{"line":396,"column":18}},"396":{"start":{"line":397,"column":0},"end":{"line":397,"column":19}},"397":{"start":{"line":398,"column":0},"end":{"line":398,"column":17}},"398":{"start":{"line":399,"column":0},"end":{"line":399,"column":18}},"399":{"start":{"line":400,"column":0},"end":{"line":400,"column":17}},"400":{"start":{"line":401,"column":0},"end":{"line":401,"column":18}},"401":{"start":{"line":402,"column":0},"end":{"line":402,"column":15}},"402":{"start":{"line":403,"column":0},"end":{"line":403,"column":16}},"403":{"start":{"line":404,"column":0},"end":{"line":404,"column":22}},"404":{"start":{"line":405,"column":0},"end":{"line":405,"column":22}},"405":{"start":{"line":406,"column":0},"end":{"line":406,"column":23}},"406":{"start":{"line":407,"column":0},"end":{"line":407,"column":21}},"407":{"start":{"line":408,"column":0},"end":{"line":408,"column":23}},"408":{"start":{"line":409,"column":0},"end":{"line":409,"column":23}},"409":{"start":{"line":410,"column":0},"end":{"line":410,"column":24}},"410":{"start":{"line":411,"column":0},"end":{"line":411,"column":22}},"411":{"start":{"line":412,"column":0},"end":{"line":412,"column":23}},"412":{"start":{"line":413,"column":0},"end":{"line":413,"column":27}},"413":{"start":{"line":414,"column":0},"end":{"line":414,"column":28}},"414":{"start":{"line":415,"column":0},"end":{"line":415,"column":23}},"415":{"start":{"line":416,"column":0},"end":{"line":416,"column":24}},"416":{"start":{"line":417,"column":0},"end":{"line":417,"column":22}},"417":{"start":{"line":418,"column":0},"end":{"line":418,"column":26}},"418":{"start":{"line":419,"column":0},"end":{"line":419,"column":27}},"419":{"start":{"line":420,"column":0},"end":{"line":420,"column":17}},"420":{"start":{"line":421,"column":0},"end":{"line":421,"column":17}},"421":{"start":{"line":422,"column":0},"end":{"line":422,"column":18}},"422":{"start":{"line":423,"column":0},"end":{"line":423,"column":23}},"423":{"start":{"line":424,"column":0},"end":{"line":424,"column":24}},"424":{"start":{"line":425,"column":0},"end":{"line":425,"column":23}},"425":{"start":{"line":426,"column":0},"end":{"line":426,"column":24}},"426":{"start":{"line":427,"column":0},"end":{"line":427,"column":24}},"427":{"start":{"line":428,"column":0},"end":{"line":428,"column":25}},"428":{"start":{"line":429,"column":0},"end":{"line":429,"column":22}},"429":{"start":{"line":430,"column":0},"end":{"line":430,"column":23}},"430":{"start":{"line":431,"column":0},"end":{"line":431,"column":16}},"431":{"start":{"line":432,"column":0},"end":{"line":432,"column":9}},"432":{"start":{"line":433,"column":0},"end":{"line":433,"column":10}},"433":{"start":{"line":434,"column":0},"end":{"line":434,"column":12}},"434":{"start":{"line":435,"column":0},"end":{"line":435,"column":13}},"435":{"start":{"line":436,"column":0},"end":{"line":436,"column":14}},"436":{"start":{"line":437,"column":0},"end":{"line":437,"column":15}},"437":{"start":{"line":438,"column":0},"end":{"line":438,"column":14}},"438":{"start":{"line":439,"column":0},"end":{"line":439,"column":15}},"439":{"start":{"line":440,"column":0},"end":{"line":440,"column":14}},"440":{"start":{"line":441,"column":0},"end":{"line":441,"column":15}},"441":{"start":{"line":442,"column":0},"end":{"line":442,"column":18}},"442":{"start":{"line":443,"column":0},"end":{"line":443,"column":14}},"443":{"start":{"line":444,"column":0},"end":{"line":444,"column":15}},"444":{"start":{"line":445,"column":0},"end":{"line":445,"column":18}},"445":{"start":{"line":446,"column":0},"end":{"line":446,"column":14}},"446":{"start":{"line":447,"column":0},"end":{"line":447,"column":21}},"447":{"start":{"line":448,"column":0},"end":{"line":448,"column":15}},"448":{"start":{"line":449,"column":0},"end":{"line":449,"column":18}},"449":{"start":{"line":450,"column":0},"end":{"line":450,"column":14}},"450":{"start":{"line":451,"column":0},"end":{"line":451,"column":15}},"451":{"start":{"line":452,"column":0},"end":{"line":452,"column":18}},"452":{"start":{"line":453,"column":0},"end":{"line":453,"column":14}},"453":{"start":{"line":454,"column":0},"end":{"line":454,"column":17}},"454":{"start":{"line":455,"column":0},"end":{"line":455,"column":13}},"455":{"start":{"line":456,"column":0},"end":{"line":456,"column":14}},"456":{"start":{"line":457,"column":0},"end":{"line":457,"column":17}},"457":{"start":{"line":458,"column":0},"end":{"line":458,"column":13}},"458":{"start":{"line":459,"column":0},"end":{"line":459,"column":14}},"459":{"start":{"line":460,"column":0},"end":{"line":460,"column":17}},"460":{"start":{"line":461,"column":0},"end":{"line":461,"column":13}},"461":{"start":{"line":462,"column":0},"end":{"line":462,"column":14}},"462":{"start":{"line":463,"column":0},"end":{"line":463,"column":17}},"463":{"start":{"line":464,"column":0},"end":{"line":464,"column":13}},"464":{"start":{"line":465,"column":0},"end":{"line":465,"column":14}},"465":{"start":{"line":466,"column":0},"end":{"line":466,"column":13}},"466":{"start":{"line":467,"column":0},"end":{"line":467,"column":14}},"467":{"start":{"line":468,"column":0},"end":{"line":468,"column":13}},"468":{"start":{"line":469,"column":0},"end":{"line":469,"column":14}},"469":{"start":{"line":470,"column":0},"end":{"line":470,"column":13}},"470":{"start":{"line":471,"column":0},"end":{"line":471,"column":14}},"471":{"start":{"line":472,"column":0},"end":{"line":472,"column":13}},"472":{"start":{"line":473,"column":0},"end":{"line":473,"column":14}},"473":{"start":{"line":474,"column":0},"end":{"line":474,"column":13}},"474":{"start":{"line":475,"column":0},"end":{"line":475,"column":17}},"475":{"start":{"line":476,"column":0},"end":{"line":476,"column":17}},"476":{"start":{"line":477,"column":0},"end":{"line":477,"column":17}},"477":{"start":{"line":478,"column":0},"end":{"line":478,"column":18}},"478":{"start":{"line":479,"column":0},"end":{"line":479,"column":17}},"479":{"start":{"line":480,"column":0},"end":{"line":480,"column":18}},"480":{"start":{"line":481,"column":0},"end":{"line":481,"column":11}},"481":{"start":{"line":482,"column":0},"end":{"line":482,"column":12}},"482":{"start":{"line":483,"column":0},"end":{"line":483,"column":17}},"483":{"start":{"line":484,"column":0},"end":{"line":484,"column":18}},"484":{"start":{"line":485,"column":0},"end":{"line":485,"column":14}},"485":{"start":{"line":486,"column":0},"end":{"line":486,"column":15}},"486":{"start":{"line":487,"column":0},"end":{"line":487,"column":18}},"487":{"start":{"line":488,"column":0},"end":{"line":488,"column":16}},"488":{"start":{"line":489,"column":0},"end":{"line":489,"column":17}},"489":{"start":{"line":490,"column":0},"end":{"line":490,"column":12}},"490":{"start":{"line":491,"column":0},"end":{"line":491,"column":15}},"491":{"start":{"line":492,"column":0},"end":{"line":492,"column":16}},"492":{"start":{"line":493,"column":0},"end":{"line":493,"column":13}},"493":{"start":{"line":494,"column":0},"end":{"line":494,"column":16}},"494":{"start":{"line":495,"column":0},"end":{"line":495,"column":17}},"495":{"start":{"line":496,"column":0},"end":{"line":496,"column":24}},"496":{"start":{"line":497,"column":0},"end":{"line":497,"column":25}},"497":{"start":{"line":498,"column":0},"end":{"line":498,"column":13}},"498":{"start":{"line":499,"column":0},"end":{"line":499,"column":14}},"499":{"start":{"line":500,"column":0},"end":{"line":500,"column":21}},"500":{"start":{"line":501,"column":0},"end":{"line":501,"column":22}},"501":{"start":{"line":502,"column":0},"end":{"line":502,"column":19}},"502":{"start":{"line":503,"column":0},"end":{"line":503,"column":20}},"503":{"start":{"line":504,"column":0},"end":{"line":504,"column":16}},"504":{"start":{"line":505,"column":0},"end":{"line":505,"column":17}},"505":{"start":{"line":506,"column":0},"end":{"line":506,"column":24}},"506":{"start":{"line":507,"column":0},"end":{"line":507,"column":25}},"507":{"start":{"line":508,"column":0},"end":{"line":508,"column":10}},"508":{"start":{"line":509,"column":0},"end":{"line":509,"column":11}},"509":{"start":{"line":510,"column":0},"end":{"line":510,"column":11}},"510":{"start":{"line":511,"column":0},"end":{"line":511,"column":12}},"511":{"start":{"line":512,"column":0},"end":{"line":512,"column":18}},"512":{"start":{"line":513,"column":0},"end":{"line":513,"column":19}},"513":{"start":{"line":514,"column":0},"end":{"line":514,"column":20}},"514":{"start":{"line":515,"column":0},"end":{"line":515,"column":19}},"515":{"start":{"line":516,"column":0},"end":{"line":516,"column":20}},"516":{"start":{"line":517,"column":0},"end":{"line":517,"column":10}},"517":{"start":{"line":518,"column":0},"end":{"line":518,"column":11}},"518":{"start":{"line":519,"column":0},"end":{"line":519,"column":12}},"519":{"start":{"line":520,"column":0},"end":{"line":520,"column":15}},"520":{"start":{"line":521,"column":0},"end":{"line":521,"column":11}},"521":{"start":{"line":522,"column":0},"end":{"line":522,"column":17}},"522":{"start":{"line":523,"column":0},"end":{"line":523,"column":18}},"523":{"start":{"line":524,"column":0},"end":{"line":524,"column":16}},"524":{"start":{"line":525,"column":0},"end":{"line":525,"column":17}},"525":{"start":{"line":526,"column":0},"end":{"line":526,"column":18}},"526":{"start":{"line":527,"column":0},"end":{"line":527,"column":17}},"527":{"start":{"line":528,"column":0},"end":{"line":528,"column":18}},"528":{"start":{"line":529,"column":0},"end":{"line":529,"column":11}},"529":{"start":{"line":530,"column":0},"end":{"line":530,"column":16}},"530":{"start":{"line":531,"column":0},"end":{"line":531,"column":17}},"531":{"start":{"line":532,"column":0},"end":{"line":532,"column":17}},"532":{"start":{"line":533,"column":0},"end":{"line":533,"column":18}},"533":{"start":{"line":534,"column":0},"end":{"line":534,"column":11}},"534":{"start":{"line":535,"column":0},"end":{"line":535,"column":14}},"535":{"start":{"line":536,"column":0},"end":{"line":536,"column":15}},"536":{"start":{"line":537,"column":0},"end":{"line":537,"column":12}},"537":{"start":{"line":538,"column":0},"end":{"line":538,"column":17}},"538":{"start":{"line":539,"column":0},"end":{"line":539,"column":9}},"539":{"start":{"line":540,"column":0},"end":{"line":540,"column":12}},"540":{"start":{"line":541,"column":0},"end":{"line":541,"column":13}},"541":{"start":{"line":542,"column":0},"end":{"line":542,"column":10}},"542":{"start":{"line":543,"column":0},"end":{"line":543,"column":15}},"543":{"start":{"line":544,"column":0},"end":{"line":544,"column":18}},"544":{"start":{"line":545,"column":0},"end":{"line":545,"column":19}},"545":{"start":{"line":546,"column":0},"end":{"line":546,"column":16}},"546":{"start":{"line":547,"column":0},"end":{"line":547,"column":14}},"547":{"start":{"line":548,"column":0},"end":{"line":548,"column":17}},"548":{"start":{"line":549,"column":0},"end":{"line":549,"column":18}},"549":{"start":{"line":550,"column":0},"end":{"line":550,"column":21}},"550":{"start":{"line":551,"column":0},"end":{"line":551,"column":18}},"551":{"start":{"line":552,"column":0},"end":{"line":552,"column":12}},"552":{"start":{"line":553,"column":0},"end":{"line":553,"column":13}},"553":{"start":{"line":554,"column":0},"end":{"line":554,"column":18}},"554":{"start":{"line":555,"column":0},"end":{"line":555,"column":19}},"555":{"start":{"line":556,"column":0},"end":{"line":556,"column":19}},"556":{"start":{"line":557,"column":0},"end":{"line":557,"column":20}},"557":{"start":{"line":558,"column":0},"end":{"line":558,"column":24}},"558":{"start":{"line":559,"column":0},"end":{"line":559,"column":25}},"559":{"start":{"line":560,"column":0},"end":{"line":560,"column":21}},"560":{"start":{"line":561,"column":0},"end":{"line":561,"column":22}},"561":{"start":{"line":562,"column":0},"end":{"line":562,"column":27}},"562":{"start":{"line":563,"column":0},"end":{"line":563,"column":28}},"563":{"start":{"line":564,"column":0},"end":{"line":564,"column":18}},"564":{"start":{"line":565,"column":0},"end":{"line":565,"column":19}},"565":{"start":{"line":566,"column":0},"end":{"line":566,"column":24}},"566":{"start":{"line":567,"column":0},"end":{"line":567,"column":25}},"567":{"start":{"line":568,"column":0},"end":{"line":568,"column":21}},"568":{"start":{"line":569,"column":0},"end":{"line":569,"column":22}},"569":{"start":{"line":570,"column":0},"end":{"line":570,"column":23}},"570":{"start":{"line":571,"column":0},"end":{"line":571,"column":22}},"571":{"start":{"line":572,"column":0},"end":{"line":572,"column":18}},"572":{"start":{"line":573,"column":0},"end":{"line":573,"column":19}},"573":{"start":{"line":574,"column":0},"end":{"line":574,"column":14}},"574":{"start":{"line":575,"column":0},"end":{"line":575,"column":15}},"575":{"start":{"line":576,"column":0},"end":{"line":576,"column":16}},"576":{"start":{"line":577,"column":0},"end":{"line":577,"column":15}},"577":{"start":{"line":578,"column":0},"end":{"line":578,"column":15}},"578":{"start":{"line":579,"column":0},"end":{"line":579,"column":19}},"579":{"start":{"line":580,"column":0},"end":{"line":580,"column":20}},"580":{"start":{"line":581,"column":0},"end":{"line":581,"column":19}},"581":{"start":{"line":582,"column":0},"end":{"line":582,"column":20}},"582":{"start":{"line":583,"column":0},"end":{"line":583,"column":21}},"583":{"start":{"line":584,"column":0},"end":{"line":584,"column":22}},"584":{"start":{"line":585,"column":0},"end":{"line":585,"column":18}},"585":{"start":{"line":586,"column":0},"end":{"line":586,"column":18}},"586":{"start":{"line":587,"column":0},"end":{"line":587,"column":19}},"587":{"start":{"line":588,"column":0},"end":{"line":588,"column":13}},"588":{"start":{"line":589,"column":0},"end":{"line":589,"column":14}},"589":{"start":{"line":590,"column":0},"end":{"line":590,"column":12}},"590":{"start":{"line":591,"column":0},"end":{"line":591,"column":13}},"591":{"start":{"line":592,"column":0},"end":{"line":592,"column":14}},"592":{"start":{"line":593,"column":0},"end":{"line":593,"column":13}},"593":{"start":{"line":594,"column":0},"end":{"line":594,"column":23}},"594":{"start":{"line":595,"column":0},"end":{"line":595,"column":24}},"595":{"start":{"line":596,"column":0},"end":{"line":596,"column":21}},"596":{"start":{"line":597,"column":0},"end":{"line":597,"column":22}},"597":{"start":{"line":598,"column":0},"end":{"line":598,"column":22}},"598":{"start":{"line":599,"column":0},"end":{"line":599,"column":23}},"599":{"start":{"line":600,"column":0},"end":{"line":600,"column":13}},"600":{"start":{"line":601,"column":0},"end":{"line":601,"column":16}},"601":{"start":{"line":602,"column":0},"end":{"line":602,"column":16}},"602":{"start":{"line":603,"column":0},"end":{"line":603,"column":14}},"603":{"start":{"line":604,"column":0},"end":{"line":604,"column":18}},"604":{"start":{"line":605,"column":0},"end":{"line":605,"column":18}},"605":{"start":{"line":606,"column":0},"end":{"line":606,"column":17}},"606":{"start":{"line":607,"column":0},"end":{"line":607,"column":18}},"607":{"start":{"line":608,"column":0},"end":{"line":608,"column":17}},"608":{"start":{"line":609,"column":0},"end":{"line":609,"column":17}},"609":{"start":{"line":610,"column":0},"end":{"line":610,"column":18}},"610":{"start":{"line":611,"column":0},"end":{"line":611,"column":10}},"611":{"start":{"line":612,"column":0},"end":{"line":612,"column":11}},"612":{"start":{"line":613,"column":0},"end":{"line":613,"column":11}},"613":{"start":{"line":614,"column":0},"end":{"line":614,"column":12}},"614":{"start":{"line":615,"column":0},"end":{"line":615,"column":11}},"615":{"start":{"line":616,"column":0},"end":{"line":616,"column":12}},"616":{"start":{"line":617,"column":0},"end":{"line":617,"column":11}},"617":{"start":{"line":618,"column":0},"end":{"line":618,"column":12}},"618":{"start":{"line":619,"column":0},"end":{"line":619,"column":11}},"619":{"start":{"line":620,"column":0},"end":{"line":620,"column":12}},"620":{"start":{"line":621,"column":0},"end":{"line":621,"column":11}},"621":{"start":{"line":622,"column":0},"end":{"line":622,"column":12}},"622":{"start":{"line":623,"column":0},"end":{"line":623,"column":13}},"623":{"start":{"line":624,"column":0},"end":{"line":624,"column":15}},"624":{"start":{"line":625,"column":0},"end":{"line":625,"column":15}},"625":{"start":{"line":626,"column":0},"end":{"line":626,"column":15}},"626":{"start":{"line":627,"column":0},"end":{"line":627,"column":11}},"627":{"start":{"line":628,"column":0},"end":{"line":628,"column":12}},"628":{"start":{"line":629,"column":0},"end":{"line":629,"column":15}},"629":{"start":{"line":630,"column":0},"end":{"line":630,"column":14}},"630":{"start":{"line":631,"column":0},"end":{"line":631,"column":15}},"631":{"start":{"line":632,"column":0},"end":{"line":632,"column":13}},"632":{"start":{"line":633,"column":0},"end":{"line":633,"column":14}},"633":{"start":{"line":634,"column":0},"end":{"line":634,"column":17}},"634":{"start":{"line":635,"column":0},"end":{"line":635,"column":17}},"635":{"start":{"line":636,"column":0},"end":{"line":636,"column":18}},"636":{"start":{"line":637,"column":0},"end":{"line":637,"column":10}},"637":{"start":{"line":638,"column":0},"end":{"line":638,"column":11}},"638":{"start":{"line":639,"column":0},"end":{"line":639,"column":16}},"639":{"start":{"line":640,"column":0},"end":{"line":640,"column":14}},"640":{"start":{"line":641,"column":0},"end":{"line":641,"column":12}},"641":{"start":{"line":642,"column":0},"end":{"line":642,"column":13}},"642":{"start":{"line":643,"column":0},"end":{"line":643,"column":13}},"643":{"start":{"line":644,"column":0},"end":{"line":644,"column":16}},"644":{"start":{"line":645,"column":0},"end":{"line":645,"column":17}},"645":{"start":{"line":646,"column":0},"end":{"line":646,"column":14}},"646":{"start":{"line":647,"column":0},"end":{"line":647,"column":11}},"647":{"start":{"line":648,"column":0},"end":{"line":648,"column":12}},"648":{"start":{"line":649,"column":0},"end":{"line":649,"column":15}},"649":{"start":{"line":650,"column":0},"end":{"line":650,"column":10}},"650":{"start":{"line":651,"column":0},"end":{"line":651,"column":11}},"651":{"start":{"line":652,"column":0},"end":{"line":652,"column":16}},"652":{"start":{"line":653,"column":0},"end":{"line":653,"column":17}},"653":{"start":{"line":654,"column":0},"end":{"line":654,"column":9}},"654":{"start":{"line":655,"column":0},"end":{"line":655,"column":10}},"655":{"start":{"line":656,"column":0},"end":{"line":656,"column":21}},"656":{"start":{"line":657,"column":0},"end":{"line":657,"column":22}},"657":{"start":{"line":658,"column":0},"end":{"line":658,"column":21}},"658":{"start":{"line":659,"column":0},"end":{"line":659,"column":22}},"659":{"start":{"line":660,"column":0},"end":{"line":660,"column":15}},"660":{"start":{"line":661,"column":0},"end":{"line":661,"column":16}},"661":{"start":{"line":662,"column":0},"end":{"line":662,"column":21}},"662":{"start":{"line":663,"column":0},"end":{"line":663,"column":22}},"663":{"start":{"line":664,"column":0},"end":{"line":664,"column":19}},"664":{"start":{"line":665,"column":0},"end":{"line":665,"column":20}},"665":{"start":{"line":666,"column":0},"end":{"line":666,"column":21}},"666":{"start":{"line":667,"column":0},"end":{"line":667,"column":22}},"667":{"start":{"line":668,"column":0},"end":{"line":668,"column":15}},"668":{"start":{"line":669,"column":0},"end":{"line":669,"column":16}},"669":{"start":{"line":670,"column":0},"end":{"line":670,"column":21}},"670":{"start":{"line":671,"column":0},"end":{"line":671,"column":22}},"671":{"start":{"line":672,"column":0},"end":{"line":672,"column":22}},"672":{"start":{"line":673,"column":0},"end":{"line":673,"column":19}},"673":{"start":{"line":674,"column":0},"end":{"line":674,"column":20}},"674":{"start":{"line":675,"column":0},"end":{"line":675,"column":22}},"675":{"start":{"line":676,"column":0},"end":{"line":676,"column":12}},"676":{"start":{"line":677,"column":0},"end":{"line":677,"column":13}},"677":{"start":{"line":678,"column":0},"end":{"line":678,"column":17}},"678":{"start":{"line":679,"column":0},"end":{"line":679,"column":18}},"679":{"start":{"line":680,"column":0},"end":{"line":680,"column":17}},"680":{"start":{"line":681,"column":0},"end":{"line":681,"column":18}},"681":{"start":{"line":682,"column":0},"end":{"line":682,"column":18}},"682":{"start":{"line":683,"column":0},"end":{"line":683,"column":19}},"683":{"start":{"line":684,"column":0},"end":{"line":684,"column":17}},"684":{"start":{"line":685,"column":0},"end":{"line":685,"column":18}},"685":{"start":{"line":686,"column":0},"end":{"line":686,"column":15}},"686":{"start":{"line":687,"column":0},"end":{"line":687,"column":16}},"687":{"start":{"line":688,"column":0},"end":{"line":688,"column":14}},"688":{"start":{"line":689,"column":0},"end":{"line":689,"column":15}},"689":{"start":{"line":690,"column":0},"end":{"line":690,"column":12}},"690":{"start":{"line":691,"column":0},"end":{"line":691,"column":13}},"691":{"start":{"line":692,"column":0},"end":{"line":692,"column":10}},"692":{"start":{"line":693,"column":0},"end":{"line":693,"column":13}},"693":{"start":{"line":694,"column":0},"end":{"line":694,"column":14}},"694":{"start":{"line":695,"column":0},"end":{"line":695,"column":11}},"695":{"start":{"line":696,"column":0},"end":{"line":696,"column":15}},"696":{"start":{"line":697,"column":0},"end":{"line":697,"column":16}},"697":{"start":{"line":698,"column":0},"end":{"line":698,"column":15}},"698":{"start":{"line":699,"column":0},"end":{"line":699,"column":16}},"699":{"start":{"line":700,"column":0},"end":{"line":700,"column":14}},"700":{"start":{"line":701,"column":0},"end":{"line":701,"column":15}},"701":{"start":{"line":702,"column":0},"end":{"line":702,"column":15}},"702":{"start":{"line":703,"column":0},"end":{"line":703,"column":16}},"703":{"start":{"line":704,"column":0},"end":{"line":704,"column":18}},"704":{"start":{"line":705,"column":0},"end":{"line":705,"column":19}},"705":{"start":{"line":706,"column":0},"end":{"line":706,"column":15}},"706":{"start":{"line":707,"column":0},"end":{"line":707,"column":18}},"707":{"start":{"line":708,"column":0},"end":{"line":708,"column":19}},"708":{"start":{"line":709,"column":0},"end":{"line":709,"column":22}},"709":{"start":{"line":710,"column":0},"end":{"line":710,"column":16}},"710":{"start":{"line":711,"column":0},"end":{"line":711,"column":17}},"711":{"start":{"line":712,"column":0},"end":{"line":712,"column":14}},"712":{"start":{"line":713,"column":0},"end":{"line":713,"column":10}},"713":{"start":{"line":714,"column":0},"end":{"line":714,"column":13}},"714":{"start":{"line":715,"column":0},"end":{"line":715,"column":14}},"715":{"start":{"line":716,"column":0},"end":{"line":716,"column":17}},"716":{"start":{"line":717,"column":0},"end":{"line":717,"column":11}},"717":{"start":{"line":718,"column":0},"end":{"line":718,"column":18}},"718":{"start":{"line":719,"column":0},"end":{"line":719,"column":19}},"719":{"start":{"line":720,"column":0},"end":{"line":720,"column":11}},"720":{"start":{"line":721,"column":0},"end":{"line":721,"column":12}},"721":{"start":{"line":722,"column":0},"end":{"line":722,"column":15}},"722":{"start":{"line":723,"column":0},"end":{"line":723,"column":16}},"723":{"start":{"line":724,"column":0},"end":{"line":724,"column":21}},"724":{"start":{"line":725,"column":0},"end":{"line":725,"column":22}},"725":{"start":{"line":726,"column":0},"end":{"line":726,"column":12}},"726":{"start":{"line":727,"column":0},"end":{"line":727,"column":15}},"727":{"start":{"line":728,"column":0},"end":{"line":728,"column":16}},"728":{"start":{"line":729,"column":0},"end":{"line":729,"column":13}},"729":{"start":{"line":730,"column":0},"end":{"line":730,"column":17}},"730":{"start":{"line":731,"column":0},"end":{"line":731,"column":18}},"731":{"start":{"line":732,"column":0},"end":{"line":732,"column":17}},"732":{"start":{"line":733,"column":0},"end":{"line":733,"column":18}},"733":{"start":{"line":734,"column":0},"end":{"line":734,"column":17}},"734":{"start":{"line":735,"column":0},"end":{"line":735,"column":18}},"735":{"start":{"line":736,"column":0},"end":{"line":736,"column":17}},"736":{"start":{"line":737,"column":0},"end":{"line":737,"column":18}},"737":{"start":{"line":738,"column":0},"end":{"line":738,"column":18}},"738":{"start":{"line":739,"column":0},"end":{"line":739,"column":19}},"739":{"start":{"line":740,"column":0},"end":{"line":740,"column":14}},"740":{"start":{"line":741,"column":0},"end":{"line":741,"column":15}},"741":{"start":{"line":742,"column":0},"end":{"line":742,"column":16}},"742":{"start":{"line":743,"column":0},"end":{"line":743,"column":15}},"743":{"start":{"line":744,"column":0},"end":{"line":744,"column":10}},"744":{"start":{"line":745,"column":0},"end":{"line":745,"column":11}},"745":{"start":{"line":746,"column":0},"end":{"line":746,"column":14}},"746":{"start":{"line":747,"column":0},"end":{"line":747,"column":15}},"747":{"start":{"line":748,"column":0},"end":{"line":748,"column":15}},"748":{"start":{"line":749,"column":0},"end":{"line":749,"column":14}},"749":{"start":{"line":750,"column":0},"end":{"line":750,"column":12}},"750":{"start":{"line":751,"column":0},"end":{"line":751,"column":13}},"751":{"start":{"line":752,"column":0},"end":{"line":752,"column":14}},"752":{"start":{"line":753,"column":0},"end":{"line":753,"column":9}},"753":{"start":{"line":754,"column":0},"end":{"line":754,"column":12}},"754":{"start":{"line":755,"column":0},"end":{"line":755,"column":13}},"755":{"start":{"line":756,"column":0},"end":{"line":756,"column":16}},"756":{"start":{"line":757,"column":0},"end":{"line":757,"column":17}},"757":{"start":{"line":758,"column":0},"end":{"line":758,"column":10}},"758":{"start":{"line":759,"column":0},"end":{"line":759,"column":11}},"759":{"start":{"line":760,"column":0},"end":{"line":760,"column":15}},"760":{"start":{"line":761,"column":0},"end":{"line":761,"column":16}},"761":{"start":{"line":762,"column":0},"end":{"line":762,"column":16}},"762":{"start":{"line":763,"column":0},"end":{"line":763,"column":17}},"763":{"start":{"line":764,"column":0},"end":{"line":764,"column":15}},"764":{"start":{"line":765,"column":0},"end":{"line":765,"column":16}},"765":{"start":{"line":766,"column":0},"end":{"line":766,"column":13}},"766":{"start":{"line":767,"column":0},"end":{"line":767,"column":14}},"767":{"start":{"line":768,"column":0},"end":{"line":768,"column":12}},"768":{"start":{"line":769,"column":0},"end":{"line":769,"column":21}},"769":{"start":{"line":770,"column":0},"end":{"line":770,"column":22}},"770":{"start":{"line":771,"column":0},"end":{"line":771,"column":13}},"771":{"start":{"line":772,"column":0},"end":{"line":772,"column":19}},"772":{"start":{"line":773,"column":0},"end":{"line":773,"column":20}},"773":{"start":{"line":774,"column":0},"end":{"line":774,"column":19}},"774":{"start":{"line":775,"column":0},"end":{"line":775,"column":20}},"775":{"start":{"line":776,"column":0},"end":{"line":776,"column":9}},"776":{"start":{"line":777,"column":0},"end":{"line":777,"column":10}},"777":{"start":{"line":778,"column":0},"end":{"line":778,"column":15}},"778":{"start":{"line":779,"column":0},"end":{"line":779,"column":18}},"779":{"start":{"line":780,"column":0},"end":{"line":780,"column":19}},"780":{"start":{"line":781,"column":0},"end":{"line":781,"column":16}},"781":{"start":{"line":782,"column":0},"end":{"line":782,"column":20}},"782":{"start":{"line":783,"column":0},"end":{"line":783,"column":21}},"783":{"start":{"line":784,"column":0},"end":{"line":784,"column":19}},"784":{"start":{"line":785,"column":0},"end":{"line":785,"column":20}},"785":{"start":{"line":786,"column":0},"end":{"line":786,"column":11}},"786":{"start":{"line":787,"column":0},"end":{"line":787,"column":12}},"787":{"start":{"line":788,"column":0},"end":{"line":788,"column":15}},"788":{"start":{"line":789,"column":0},"end":{"line":789,"column":15}},"789":{"start":{"line":790,"column":0},"end":{"line":790,"column":15}},"790":{"start":{"line":791,"column":0},"end":{"line":791,"column":12}},"791":{"start":{"line":792,"column":0},"end":{"line":792,"column":15}},"792":{"start":{"line":793,"column":0},"end":{"line":793,"column":13}},"793":{"start":{"line":794,"column":0},"end":{"line":794,"column":14}},"794":{"start":{"line":795,"column":0},"end":{"line":795,"column":15}},"795":{"start":{"line":796,"column":0},"end":{"line":796,"column":12}},"796":{"start":{"line":797,"column":0},"end":{"line":797,"column":13}},"797":{"start":{"line":798,"column":0},"end":{"line":798,"column":14}},"798":{"start":{"line":799,"column":0},"end":{"line":799,"column":15}},"799":{"start":{"line":800,"column":0},"end":{"line":800,"column":15}},"800":{"start":{"line":801,"column":0},"end":{"line":801,"column":16}},"801":{"start":{"line":802,"column":0},"end":{"line":802,"column":12}},"802":{"start":{"line":803,"column":0},"end":{"line":803,"column":13}},"803":{"start":{"line":804,"column":0},"end":{"line":804,"column":12}},"804":{"start":{"line":805,"column":0},"end":{"line":805,"column":13}},"805":{"start":{"line":806,"column":0},"end":{"line":806,"column":16}},"806":{"start":{"line":807,"column":0},"end":{"line":807,"column":17}},"807":{"start":{"line":808,"column":0},"end":{"line":808,"column":17}},"808":{"start":{"line":809,"column":0},"end":{"line":809,"column":18}},"809":{"start":{"line":810,"column":0},"end":{"line":810,"column":18}},"810":{"start":{"line":811,"column":0},"end":{"line":811,"column":19}},"811":{"start":{"line":812,"column":0},"end":{"line":812,"column":15}},"812":{"start":{"line":813,"column":0},"end":{"line":813,"column":16}},"813":{"start":{"line":814,"column":0},"end":{"line":814,"column":16}},"814":{"start":{"line":815,"column":0},"end":{"line":815,"column":17}},"815":{"start":{"line":816,"column":0},"end":{"line":816,"column":22}},"816":{"start":{"line":817,"column":0},"end":{"line":817,"column":25}},"817":{"start":{"line":818,"column":0},"end":{"line":818,"column":26}},"818":{"start":{"line":819,"column":0},"end":{"line":819,"column":26}},"819":{"start":{"line":820,"column":0},"end":{"line":820,"column":20}},"820":{"start":{"line":821,"column":0},"end":{"line":821,"column":21}},"821":{"start":{"line":822,"column":0},"end":{"line":822,"column":19}},"822":{"start":{"line":823,"column":0},"end":{"line":823,"column":20}},"823":{"start":{"line":824,"column":0},"end":{"line":824,"column":25}},"824":{"start":{"line":825,"column":0},"end":{"line":825,"column":26}},"825":{"start":{"line":826,"column":0},"end":{"line":826,"column":27}},"826":{"start":{"line":827,"column":0},"end":{"line":827,"column":28}},"827":{"start":{"line":828,"column":0},"end":{"line":828,"column":17}},"828":{"start":{"line":829,"column":0},"end":{"line":829,"column":18}},"829":{"start":{"line":830,"column":0},"end":{"line":830,"column":14}},"830":{"start":{"line":831,"column":0},"end":{"line":831,"column":15}},"831":{"start":{"line":832,"column":0},"end":{"line":832,"column":18}},"832":{"start":{"line":833,"column":0},"end":{"line":833,"column":14}},"833":{"start":{"line":834,"column":0},"end":{"line":834,"column":15}},"834":{"start":{"line":835,"column":0},"end":{"line":835,"column":18}},"835":{"start":{"line":836,"column":0},"end":{"line":836,"column":14}},"836":{"start":{"line":837,"column":0},"end":{"line":837,"column":15}},"837":{"start":{"line":838,"column":0},"end":{"line":838,"column":18}},"838":{"start":{"line":839,"column":0},"end":{"line":839,"column":11}},"839":{"start":{"line":840,"column":0},"end":{"line":840,"column":14}},"840":{"start":{"line":841,"column":0},"end":{"line":841,"column":15}},"841":{"start":{"line":842,"column":0},"end":{"line":842,"column":14}},"842":{"start":{"line":843,"column":0},"end":{"line":843,"column":15}},"843":{"start":{"line":844,"column":0},"end":{"line":844,"column":12}},"844":{"start":{"line":845,"column":0},"end":{"line":845,"column":16}},"845":{"start":{"line":846,"column":0},"end":{"line":846,"column":17}},"846":{"start":{"line":847,"column":0},"end":{"line":847,"column":16}},"847":{"start":{"line":848,"column":0},"end":{"line":848,"column":17}},"848":{"start":{"line":849,"column":0},"end":{"line":849,"column":20}},"849":{"start":{"line":850,"column":0},"end":{"line":850,"column":21}},"850":{"start":{"line":851,"column":0},"end":{"line":851,"column":16}},"851":{"start":{"line":852,"column":0},"end":{"line":852,"column":17}},"852":{"start":{"line":853,"column":0},"end":{"line":853,"column":18}},"853":{"start":{"line":854,"column":0},"end":{"line":854,"column":19}},"854":{"start":{"line":855,"column":0},"end":{"line":855,"column":24}},"855":{"start":{"line":856,"column":0},"end":{"line":856,"column":25}},"856":{"start":{"line":857,"column":0},"end":{"line":857,"column":20}},"857":{"start":{"line":858,"column":0},"end":{"line":858,"column":21}},"858":{"start":{"line":859,"column":0},"end":{"line":859,"column":26}},"859":{"start":{"line":860,"column":0},"end":{"line":860,"column":27}},"860":{"start":{"line":861,"column":0},"end":{"line":861,"column":15}},"861":{"start":{"line":862,"column":0},"end":{"line":862,"column":12}},"862":{"start":{"line":863,"column":0},"end":{"line":863,"column":13}},"863":{"start":{"line":864,"column":0},"end":{"line":864,"column":16}},"864":{"start":{"line":865,"column":0},"end":{"line":865,"column":17}},"865":{"start":{"line":866,"column":0},"end":{"line":866,"column":11}},"866":{"start":{"line":867,"column":0},"end":{"line":867,"column":12}},"867":{"start":{"line":868,"column":0},"end":{"line":868,"column":17}},"868":{"start":{"line":869,"column":0},"end":{"line":869,"column":18}},"869":{"start":{"line":870,"column":0},"end":{"line":870,"column":16}},"870":{"start":{"line":871,"column":0},"end":{"line":871,"column":17}},"871":{"start":{"line":872,"column":0},"end":{"line":872,"column":15}},"872":{"start":{"line":873,"column":0},"end":{"line":873,"column":15}},"873":{"start":{"line":874,"column":0},"end":{"line":874,"column":16}},"874":{"start":{"line":875,"column":0},"end":{"line":875,"column":16}},"875":{"start":{"line":876,"column":0},"end":{"line":876,"column":17}},"876":{"start":{"line":877,"column":0},"end":{"line":877,"column":17}},"877":{"start":{"line":878,"column":0},"end":{"line":878,"column":18}},"878":{"start":{"line":879,"column":0},"end":{"line":879,"column":16}},"879":{"start":{"line":880,"column":0},"end":{"line":880,"column":17}},"880":{"start":{"line":881,"column":0},"end":{"line":881,"column":18}},"881":{"start":{"line":882,"column":0},"end":{"line":882,"column":11}},"882":{"start":{"line":883,"column":0},"end":{"line":883,"column":13}},"883":{"start":{"line":884,"column":0},"end":{"line":884,"column":14}},"884":{"start":{"line":885,"column":0},"end":{"line":885,"column":17}},"885":{"start":{"line":886,"column":0},"end":{"line":886,"column":18}},"886":{"start":{"line":887,"column":0},"end":{"line":887,"column":15}},"887":{"start":{"line":888,"column":0},"end":{"line":888,"column":18}},"888":{"start":{"line":889,"column":0},"end":{"line":889,"column":19}},"889":{"start":{"line":890,"column":0},"end":{"line":890,"column":9}},"890":{"start":{"line":891,"column":0},"end":{"line":891,"column":10}},"891":{"start":{"line":892,"column":0},"end":{"line":892,"column":17}},"892":{"start":{"line":893,"column":0},"end":{"line":893,"column":18}},"893":{"start":{"line":894,"column":0},"end":{"line":894,"column":12}},"894":{"start":{"line":895,"column":0},"end":{"line":895,"column":13}},"895":{"start":{"line":896,"column":0},"end":{"line":896,"column":11}},"896":{"start":{"line":897,"column":0},"end":{"line":897,"column":12}},"897":{"start":{"line":898,"column":0},"end":{"line":898,"column":12}},"898":{"start":{"line":899,"column":0},"end":{"line":899,"column":13}},"899":{"start":{"line":900,"column":0},"end":{"line":900,"column":11}},"900":{"start":{"line":901,"column":0},"end":{"line":901,"column":14}},"901":{"start":{"line":902,"column":0},"end":{"line":902,"column":15}},"902":{"start":{"line":903,"column":0},"end":{"line":903,"column":12}},"903":{"start":{"line":904,"column":0},"end":{"line":904,"column":16}},"904":{"start":{"line":905,"column":0},"end":{"line":905,"column":17}},"905":{"start":{"line":906,"column":0},"end":{"line":906,"column":16}},"906":{"start":{"line":907,"column":0},"end":{"line":907,"column":17}},"907":{"start":{"line":908,"column":0},"end":{"line":908,"column":15}},"908":{"start":{"line":909,"column":0},"end":{"line":909,"column":16}},"909":{"start":{"line":910,"column":0},"end":{"line":910,"column":16}},"910":{"start":{"line":911,"column":0},"end":{"line":911,"column":17}},"911":{"start":{"line":912,"column":0},"end":{"line":912,"column":18}},"912":{"start":{"line":913,"column":0},"end":{"line":913,"column":19}},"913":{"start":{"line":914,"column":0},"end":{"line":914,"column":10}},"914":{"start":{"line":915,"column":0},"end":{"line":915,"column":11}},"915":{"start":{"line":916,"column":0},"end":{"line":916,"column":11}},"916":{"start":{"line":917,"column":0},"end":{"line":917,"column":14}},"917":{"start":{"line":918,"column":0},"end":{"line":918,"column":12}},"918":{"start":{"line":919,"column":0},"end":{"line":919,"column":13}},"919":{"start":{"line":920,"column":0},"end":{"line":920,"column":10}},"920":{"start":{"line":921,"column":0},"end":{"line":921,"column":14}},"921":{"start":{"line":922,"column":0},"end":{"line":922,"column":15}},"922":{"start":{"line":923,"column":0},"end":{"line":923,"column":10}},"923":{"start":{"line":924,"column":0},"end":{"line":924,"column":13}},"924":{"start":{"line":925,"column":0},"end":{"line":925,"column":14}},"925":{"start":{"line":926,"column":0},"end":{"line":926,"column":11}},"926":{"start":{"line":927,"column":0},"end":{"line":927,"column":17}},"927":{"start":{"line":928,"column":0},"end":{"line":928,"column":18}},"928":{"start":{"line":929,"column":0},"end":{"line":929,"column":14}},"929":{"start":{"line":930,"column":0},"end":{"line":930,"column":15}},"930":{"start":{"line":931,"column":0},"end":{"line":931,"column":21}},"931":{"start":{"line":932,"column":0},"end":{"line":932,"column":22}},"932":{"start":{"line":933,"column":0},"end":{"line":933,"column":11}},"933":{"start":{"line":934,"column":0},"end":{"line":934,"column":12}},"934":{"start":{"line":935,"column":0},"end":{"line":935,"column":15}},"935":{"start":{"line":936,"column":0},"end":{"line":936,"column":16}},"936":{"start":{"line":937,"column":0},"end":{"line":937,"column":10}},"937":{"start":{"line":938,"column":0},"end":{"line":938,"column":13}},"938":{"start":{"line":939,"column":0},"end":{"line":939,"column":13}},"939":{"start":{"line":940,"column":0},"end":{"line":940,"column":11}},"940":{"start":{"line":941,"column":0},"end":{"line":941,"column":16}},"941":{"start":{"line":942,"column":0},"end":{"line":942,"column":19}},"942":{"start":{"line":943,"column":0},"end":{"line":943,"column":20}},"943":{"start":{"line":944,"column":0},"end":{"line":944,"column":17}},"944":{"start":{"line":945,"column":0},"end":{"line":945,"column":15}},"945":{"start":{"line":946,"column":0},"end":{"line":946,"column":14}},"946":{"start":{"line":947,"column":0},"end":{"line":947,"column":15}},"947":{"start":{"line":948,"column":0},"end":{"line":948,"column":19}},"948":{"start":{"line":949,"column":0},"end":{"line":949,"column":17}},"949":{"start":{"line":950,"column":0},"end":{"line":950,"column":17}},"950":{"start":{"line":951,"column":0},"end":{"line":951,"column":10}},"951":{"start":{"line":952,"column":0},"end":{"line":952,"column":11}},"952":{"start":{"line":953,"column":0},"end":{"line":953,"column":12}},"953":{"start":{"line":954,"column":0},"end":{"line":954,"column":13}},"954":{"start":{"line":955,"column":0},"end":{"line":955,"column":9}},"955":{"start":{"line":956,"column":0},"end":{"line":956,"column":12}},"956":{"start":{"line":957,"column":0},"end":{"line":957,"column":10}},"957":{"start":{"line":958,"column":0},"end":{"line":958,"column":12}},"958":{"start":{"line":959,"column":0},"end":{"line":959,"column":13}},"959":{"start":{"line":960,"column":0},"end":{"line":960,"column":13}},"960":{"start":{"line":961,"column":0},"end":{"line":961,"column":16}},"961":{"start":{"line":962,"column":0},"end":{"line":962,"column":16}},"962":{"start":{"line":963,"column":0},"end":{"line":963,"column":17}},"963":{"start":{"line":964,"column":0},"end":{"line":964,"column":14}},"964":{"start":{"line":965,"column":0},"end":{"line":965,"column":19}},"965":{"start":{"line":966,"column":0},"end":{"line":966,"column":22}},"966":{"start":{"line":967,"column":0},"end":{"line":967,"column":23}},"967":{"start":{"line":968,"column":0},"end":{"line":968,"column":20}},"968":{"start":{"line":969,"column":0},"end":{"line":969,"column":24}},"969":{"start":{"line":970,"column":0},"end":{"line":970,"column":25}},"970":{"start":{"line":971,"column":0},"end":{"line":971,"column":17}},"971":{"start":{"line":972,"column":0},"end":{"line":972,"column":18}},"972":{"start":{"line":973,"column":0},"end":{"line":973,"column":18}},"973":{"start":{"line":974,"column":0},"end":{"line":974,"column":20}},"974":{"start":{"line":975,"column":0},"end":{"line":975,"column":23}},"975":{"start":{"line":976,"column":0},"end":{"line":976,"column":21}},"976":{"start":{"line":977,"column":0},"end":{"line":977,"column":25}},"977":{"start":{"line":978,"column":0},"end":{"line":978,"column":25}},"978":{"start":{"line":979,"column":0},"end":{"line":979,"column":25}},"979":{"start":{"line":980,"column":0},"end":{"line":980,"column":19}},"980":{"start":{"line":981,"column":0},"end":{"line":981,"column":20}},"981":{"start":{"line":982,"column":0},"end":{"line":982,"column":17}},"982":{"start":{"line":983,"column":0},"end":{"line":983,"column":18}},"983":{"start":{"line":984,"column":0},"end":{"line":984,"column":11}},"984":{"start":{"line":985,"column":0},"end":{"line":985,"column":12}},"985":{"start":{"line":986,"column":0},"end":{"line":986,"column":9}},"986":{"start":{"line":987,"column":0},"end":{"line":987,"column":12}},"987":{"start":{"line":988,"column":0},"end":{"line":988,"column":10}},"988":{"start":{"line":989,"column":0},"end":{"line":989,"column":15}},"989":{"start":{"line":990,"column":0},"end":{"line":990,"column":16}},"990":{"start":{"line":991,"column":0},"end":{"line":991,"column":21}},"991":{"start":{"line":992,"column":0},"end":{"line":992,"column":22}},"992":{"start":{"line":993,"column":0},"end":{"line":993,"column":14}},"993":{"start":{"line":994,"column":0},"end":{"line":994,"column":15}},"994":{"start":{"line":995,"column":0},"end":{"line":995,"column":15}},"995":{"start":{"line":996,"column":0},"end":{"line":996,"column":18}},"996":{"start":{"line":997,"column":0},"end":{"line":997,"column":19}},"997":{"start":{"line":998,"column":0},"end":{"line":998,"column":16}},"998":{"start":{"line":999,"column":0},"end":{"line":999,"column":15}},"999":{"start":{"line":1000,"column":0},"end":{"line":1000,"column":16}},"1000":{"start":{"line":1001,"column":0},"end":{"line":1001,"column":16}},"1001":{"start":{"line":1002,"column":0},"end":{"line":1002,"column":17}},"1002":{"start":{"line":1003,"column":0},"end":{"line":1003,"column":17}},"1003":{"start":{"line":1004,"column":0},"end":{"line":1004,"column":18}},"1004":{"start":{"line":1005,"column":0},"end":{"line":1005,"column":11}},"1005":{"start":{"line":1006,"column":0},"end":{"line":1006,"column":14}},"1006":{"start":{"line":1007,"column":0},"end":{"line":1007,"column":15}},"1007":{"start":{"line":1008,"column":0},"end":{"line":1008,"column":12}},"1008":{"start":{"line":1009,"column":0},"end":{"line":1009,"column":16}},"1009":{"start":{"line":1010,"column":0},"end":{"line":1010,"column":17}},"1010":{"start":{"line":1011,"column":0},"end":{"line":1011,"column":16}},"1011":{"start":{"line":1012,"column":0},"end":{"line":1012,"column":17}},"1012":{"start":{"line":1013,"column":0},"end":{"line":1013,"column":15}},"1013":{"start":{"line":1014,"column":0},"end":{"line":1014,"column":16}},"1014":{"start":{"line":1015,"column":0},"end":{"line":1015,"column":16}},"1015":{"start":{"line":1016,"column":0},"end":{"line":1016,"column":17}},"1016":{"start":{"line":1017,"column":0},"end":{"line":1017,"column":15}},"1017":{"start":{"line":1018,"column":0},"end":{"line":1018,"column":16}},"1018":{"start":{"line":1019,"column":0},"end":{"line":1019,"column":19}},"1019":{"start":{"line":1020,"column":0},"end":{"line":1020,"column":16}},"1020":{"start":{"line":1021,"column":0},"end":{"line":1021,"column":17}},"1021":{"start":{"line":1022,"column":0},"end":{"line":1022,"column":16}},"1022":{"start":{"line":1023,"column":0},"end":{"line":1023,"column":17}},"1023":{"start":{"line":1024,"column":0},"end":{"line":1024,"column":20}},"1024":{"start":{"line":1025,"column":0},"end":{"line":1025,"column":15}},"1025":{"start":{"line":1026,"column":0},"end":{"line":1026,"column":12}},"1026":{"start":{"line":1027,"column":0},"end":{"line":1027,"column":15}},"1027":{"start":{"line":1028,"column":0},"end":{"line":1028,"column":16}},"1028":{"start":{"line":1029,"column":0},"end":{"line":1029,"column":14}},"1029":{"start":{"line":1030,"column":0},"end":{"line":1030,"column":16}},"1030":{"start":{"line":1031,"column":0},"end":{"line":1031,"column":17}},"1031":{"start":{"line":1032,"column":0},"end":{"line":1032,"column":20}},"1032":{"start":{"line":1033,"column":0},"end":{"line":1033,"column":21}},"1033":{"start":{"line":1034,"column":0},"end":{"line":1034,"column":16}},"1034":{"start":{"line":1035,"column":0},"end":{"line":1035,"column":19}},"1035":{"start":{"line":1036,"column":0},"end":{"line":1036,"column":20}},"1036":{"start":{"line":1037,"column":0},"end":{"line":1037,"column":23}},"1037":{"start":{"line":1038,"column":0},"end":{"line":1038,"column":17}},"1038":{"start":{"line":1039,"column":0},"end":{"line":1039,"column":20}},"1039":{"start":{"line":1040,"column":0},"end":{"line":1040,"column":22}},"1040":{"start":{"line":1041,"column":0},"end":{"line":1041,"column":23}},"1041":{"start":{"line":1042,"column":0},"end":{"line":1042,"column":21}},"1042":{"start":{"line":1043,"column":0},"end":{"line":1043,"column":22}},"1043":{"start":{"line":1044,"column":0},"end":{"line":1044,"column":19}},"1044":{"start":{"line":1045,"column":0},"end":{"line":1045,"column":10}},"1045":{"start":{"line":1046,"column":0},"end":{"line":1046,"column":15}},"1046":{"start":{"line":1047,"column":0},"end":{"line":1047,"column":16}},"1047":{"start":{"line":1048,"column":0},"end":{"line":1048,"column":11}},"1048":{"start":{"line":1049,"column":0},"end":{"line":1049,"column":14}},"1049":{"start":{"line":1050,"column":0},"end":{"line":1050,"column":15}},"1050":{"start":{"line":1051,"column":0},"end":{"line":1051,"column":16}},"1051":{"start":{"line":1052,"column":0},"end":{"line":1052,"column":12}},"1052":{"start":{"line":1053,"column":0},"end":{"line":1053,"column":11}},"1053":{"start":{"line":1054,"column":0},"end":{"line":1054,"column":14}},"1054":{"start":{"line":1055,"column":0},"end":{"line":1055,"column":15}},"1055":{"start":{"line":1056,"column":0},"end":{"line":1056,"column":12}},"1056":{"start":{"line":1057,"column":0},"end":{"line":1057,"column":16}},"1057":{"start":{"line":1058,"column":0},"end":{"line":1058,"column":16}},"1058":{"start":{"line":1059,"column":0},"end":{"line":1059,"column":17}},"1059":{"start":{"line":1060,"column":0},"end":{"line":1060,"column":16}},"1060":{"start":{"line":1061,"column":0},"end":{"line":1061,"column":17}},"1061":{"start":{"line":1062,"column":0},"end":{"line":1062,"column":16}},"1062":{"start":{"line":1063,"column":0},"end":{"line":1063,"column":16}},"1063":{"start":{"line":1064,"column":0},"end":{"line":1064,"column":17}},"1064":{"start":{"line":1065,"column":0},"end":{"line":1065,"column":9}},"1065":{"start":{"line":1066,"column":0},"end":{"line":1066,"column":12}},"1066":{"start":{"line":1067,"column":0},"end":{"line":1067,"column":13}},"1067":{"start":{"line":1068,"column":0},"end":{"line":1068,"column":16}},"1068":{"start":{"line":1069,"column":0},"end":{"line":1069,"column":10}},"1069":{"start":{"line":1070,"column":0},"end":{"line":1070,"column":13}},"1070":{"start":{"line":1071,"column":0},"end":{"line":1071,"
[...]
:0,"786":0,"787":0,"788":0,"789":0,"790":0,"791":0,"792":0,"793":0,"794":0,"795":0,"796":0,"797":0,"798":0,"799":0,"800":0,"801":0,"802":0,"803":0,"804":0,"805":0,"806":0,"807":0,"808":0,"809":0,"810":0,"811":0,"812":0,"813":0,"814":0,"815":0,"816":0,"817":0,"818":0,"819":0,"820":0,"821":0,"822":0,"823":0,"824":0,"825":0,"826":0,"827":0,"828":0,"829":0,"830":0,"831":0,"832":0,"833":0,"834":0,"835":0,"836":0,"837":0,"838":0,"839":0,"840":0,"841":0,"842":0,"843":0,"844":0,"845":0,"846":0,"847":0,"848":0,"849":0,"850":0,"851":0,"852":0,"853":0,"854":0,"855":0,"856":0,"857":0,"858":0,"859":0,"860":0,"861":0,"862":0,"863":0,"864":0,"865":0,"866":0,"867":0,"868":0,"869":0,"870":0,"871":0,"872":0,"873":0,"874":0,"875":0,"876":0,"877":0,"878":0,"879":0,"880":0,"881":0,"882":0,"883":0,"884":0,"885":0,"886":0,"887":0,"888":0,"889":0,"890":0,"891":0,"892":0,"893":0,"894":0,"895":0,"896":0,"897":0,"898":0,"899":0,"900":0,"901":0,"902":0,"903":0,"904":0,"905":0,"906":0,"907":0,"908":0,"909":0,"910":0,"911":0,"912":0,"913":0,"914":0,"915":0,"916":0,"917":0,"918":0,"919":0,"920":0,"921":0,"922":0,"923":0,"924":0,"925":0,"926":0,"927":0,"928":0,"929":0,"930":0,"931":0,"932":0,"933":0,"934":0,"935":0,"936":0,"937":0,"938":0,"939":0,"940":0,"941":0,"942":0,"943":0,"944":0,"945":0,"946":0,"947":0,"948":0,"949":0,"950":0,"951":0,"952":0,"953":0,"954":0,"955":0,"956":0,"957":0,"958":0,"959":0,"960":0,"961":0,"962":0,"963":0,"964":0,"965":0,"966":0,"967":0,"968":0,"969":0,"970":0,"971":0,"972":0,"973":0,"974":0,"975":0,"976":0,"977":0,"978":0,"979":0,"980":0,"981":0,"982":0,"983":0,"984":0,"985":0,"986":0,"987":0,"988":0,"989":0,"990":0,"991":0,"992":0,"993":0,"994":0,"995":0,"996":0,"997":0,"998":0,"999":0,"1000":0,"1001":0,"1002":0,"1003":0,"1004":0,"1005":0,"1006":0,"1007":0,"1008":0,"1009":0,"1010":0,"1011":0,"1012":0,"1013":0,"1014":0,"1015":0,"1016":0,"1017":0,"1018":0,"1019":0,"1020":0,"1021":0,"1022":0,"1023":0,"1024":0,"1025":0,"1026":0,"1027":0,"1028":0,"1029":0,"1030":0,"1031":0,"1032":0,"1033":0,"1034":0,"1035":0,"1036":0,"1037":0,"1038":0,"1039":0,"1040":0,"1041":0,"1042":0,"1043":0,"1044":0,"1045":0,"1046":0,"1047":0,"1048":0,"1049":0,"1050":0,"1051":0,"1052":0,"1053":0,"1054":0,"1055":0,"1056":0,"1057":0,"1058":0,"1059":0,"1060":0,"1061":0,"1062":0,"1063":0,"1064":0,"1065":0,"1066":0,"1067":0,"1068":0,"1069":0,"1070":0,"1071":0,"1072":0,"1073":0,"1074":0,"1075":0,"1076":0,"1077":0,"1078":0,"1079":0,"1080":0,"1081":0,"1082":0,"1083":0,"1084":0,"1085":0,"1086":0,"1087":0,"1088":0,"1089":0,"1090":0,"1091":0,"1092":0,"1093":0,"1094":0,"1095":0,"1096":0,"1097":0,"1098":0,"1099":0,"1100":0,"1101":0,"1102":0,"1103":0,"1104":0,"1105":0,"1106":0,"1107":0,"1108":0,"1109":0,"1110":0,"1111":0,"1112":0,"1113":0,"1114":0,"1115":0,"1116":0,"1117":0,"1118":0,"1119":0,"1120":0,"1121":0,"1122":0,"1123":0,"1124":0,"1125":0,"1126":0,"1127":0,"1128":0,"1129":0,"1130":0,"1131":0,"1132":0,"1133":0,"1134":0,"1135":0,"1136":0,"1137":0,"1138":0,"1139":0,"1140":0,"1141":0,"1142":0,"1143":0,"1144":0,"1145":0,"1146":0,"1147":0,"1148":0,"1149":0,"1150":0,"1151":0,"1152":0,"1153":0,"1154":0,"1155":0,"1156":0,"1157":0,"1158":0,"1159":0,"1160":0,"1161":0,"1162":0,"1163":0,"1164":0,"1165":0,"1166":0,"1167":0,"1168":0,"1169":0,"1170":0,"1171":0,"1172":0,"1173":0,"1174":0,"1175":0,"1176":0,"1177":0,"1178":0,"1179":0,"1180":0,"1181":0,"1182":0,"1183":0,"1184":0,"1185":0,"1186":0,"1187":0,"1188":0,"1189":0,"1190":0,"1191":0,"1192":0,"1193":0,"1194":0,"1195":0,"1196":0,"1197":0,"1198":0,"1199":0,"1200":0,"1201":0,"1202":0,"1203":0,"1204":0,"1205":0,"1206":0,"1207":0,"1208":0,"1209":0,"1210":0,"1211":0,"1212":0,"1213":0,"1214":0,"1215":0,"1216":0,"1217":0,"1218":0,"1219":0,"1220":0,"1221":0,"1222":0,"1223":0,"1224":0,"1225":0,"1226":0,"1227":0,"1228":0,"1229":0,"1230":0,"1231":0,"1232":0,"1233":0,"1234":0,"1235":0,"1236":0,"1237":0,"1238":0,"1239":0,"1240":0,"1241":0,"1242":0,"1243":0,"1244":0,"1245":0,"1246":0,"1247":0,"1248":0,"1249":0,"1250":0,"1251":0,"1252":0,"1253":0,"1254":0,"1255":0,"1256":0,"1257":0,"1258":0,"1259":0,"1260":0,"1261":0,"1262":0,"1263":0,"1264":0,"1265":0,"1266":0,"1267":0,"1268":0,"1269":0,"1270":0,"1271":0,"1272":0,"1273":0,"1274":0,"1275":0,"1276":0,"1277":0,"1278":0,"1279":0,"1280":0,"1281":0,"1282":0,"1283":0,"1284":0,"1285":0,"1286":0,"1287":0,"1288":0,"1289":0,"1290":0,"1291":0,"1292":0,"1293":0,"1294":0,"1295":0,"1296":0,"1297":0,"1298":0,"1299":0,"1300":0,"1301":0,"1302":0,"1303":0,"1304":0,"1305":0,"1306":0,"1307":0,"1308":0,"1309":0,"1310":0,"1311":0,"1312":0,"1313":0,"1314":0,"1315":0,"1316":0,"1317":0,"1318":0,"1319":0,"1320":0,"1321":0,"1322":0,"1323":0,"1324":0,"1325":0,"1326":0,"1327":0,"1328":0,"1329":0,"1330":0,"1331":0,"1332":0,"1333":0,"1334":0,"1335":0,"1336":0,"1337":0,"1338":0,"1339":0,"1340":0,"1341":0,"1342":0,"1343":0,"1344":0,"1345":0,"1346":0,"1347":0,"1348":0,"1349":0,"1350":0,"1351":0,"1352":0,"1353":0,"1354":0,"1355":0,"1356":0,"1357":0,"1358":0,"1359":0,"1360":0,"1361":0,"1362":0,"1363":0,"1364":0,"1365":0,"1366":0,"1367":0,"1368":0,"1369":0,"1370":0,"1371":0,"1372":0,"1373":0,"1374":0,"1375":0,"1376":0,"1377":0,"1378":0,"1379":0,"1380":0,"1381":0,"1382":0,"1383":0,"1384":0,"1385":0,"1386":0,"1387":0,"1388":0,"1389":0,"1390":0,"1391":0,"1392":0,"1393":0,"1394":0,"1395":0,"1396":0,"1397":0,"1398":0,"1399":0,"1400":0,"1401":0,"1402":0,"1403":0,"1404":0,"1405":0,"1406":0,"1407":0,"1408":0,"1409":0,"1410":0,"1411":0,"1412":0,"1413":0,"1414":0,"1415":0,"1416":0,"1417":0,"1418":0,"1419":0,"1420":0,"1421":0,"1422":0,"1423":0,"1424":0,"1425":0,"1426":0,"1427":0,"1428":0,"1429":0,"1430":0,"1431":0,"1432":0,"1433":0,"1434":0,"1435":0,"1436":0,"1437":0,"1438":0,"1439":0,"1440":0,"1441":0,"1442":0,"1443":0,"1444":0,"1445":0,"1446":0,"1447":0,"1448":0,"1449":0,"1450":0,"1451":0,"1452":0,"1453":0,"1454":0,"1455":0,"1456":0,"1457":0,"1458":0,"1459":0,"1460":0,"1461":0,"1462":0,"1463":0,"1464":0,"1465":0,"1466":0,"1467":0,"1468":0,"1469":0,"1470":0,"1471":0,"1472":0,"1473":0,"1474":0,"1475":0,"1476":0,"1477":0,"1478":0,"1479":0,"1480":0,"1481":0,"1482":0,"1483":0,"1484":0,"1485":0,"1486":0,"1487":0,"1488":0,"1489":0,"1490":0,"1491":0,"1492":0,"1493":0,"1494":0,"1495":0,"1496":0,"1497":0,"1498":0,"1499":0,"1500":0,"1501":0,"1502":0,"1503":0,"1504":0,"1505":0,"1506":0,"1507":0,"1508":0,"1509":0,"1510":0,"1511":0,"1512":0,"1513":0,"1514":0,"1515":0,"1516":0,"1517":0,"1518":0,"1519":0,"1520":0,"1521":0,"1522":0,"1523":0,"1524":0,"1525":0,"1526":0,"1527":0,"1528":0,"1529":0,"1530":0,"1531":0,"1532":0,"1533":0,"1534":0,"1535":0,"1536":0,"1537":0,"1538":0,"1539":0,"1540":0,"1541":0,"1542":0,"1543":0,"1544":0,"1545":0,"1546":0,"1547":0,"1548":0,"1549":0,"1550":0,"1551":0,"1552":0,"1553":0,"1554":0,"1555":0,"1556":0,"1557":0,"1558":0,"1559":0,"1560":0,"1561":0,"1562":0,"1563":0,"1564":0,"1565":0,"1566":0,"1567":0,"1568":0,"1569":0,"1570":0,"1571":0,"1572":0,"1573":0,"1574":0,"1575":0,"1576":0,"1577":0,"1578":0,"1579":0,"1580":0,"1581":0,"1582":0,"1583":0,"1584":0,"1585":0,"1586":0,"1587":0,"1588":0,"1589":0,"1590":0,"1591":0,"1592":0,"1593":0,"1594":0,"1595":0,"1596":0,"1597":0,"1598":0,"1599":0,"1600":0,"1601":0,"1602":0,"1603":0,"1604":0,"1605":0,"1606":0,"1607":0,"1608":0,"1609":0,"1610":0,"1611":0,"1612":0,"1613":0,"1614":0,"1615":0,"1616":0,"1617":0,"1618":0,"1619":0,"1620":0,"1621":0,"1622":0,"1623":0,"1624":0,"1625":0,"1626":0,"1627":0,"1628":0,"1629":0,"1630":0,"1631":0,"1632":0,"1633":0,"1634":0,"1635":0,"1636":0,"1637":0,"1638":0,"1639":0,"1640":0,"1641":0,"1642":0,"1643":0,"1644":0,"1645":0,"1646":0,"1647":0,"1648":0,"1649":0,"1650":0,"1651":0,"1652":0,"1653":0,"1654":0,"1655":0,"1656":0,"1657":0,"1658":0,"1659":0,"1660":0,"1661":0,"1662":0,"1663":0,"1664":0,"1665":0,"1666":0,"1667":0,"1668":0,"1669":0,"1670":0,"1671":0,"1672":0,"1673":0,"1674":0,"1675":0,"1676":0,"1677":0,"1678":0,"1679":0,"1680":0,"1681":0,"1682":0,"1683":0,"1684":0,"1685":0,"1686":0,"1687":0,"1688":0,"1689":0,"1690":0,"1691":0,"1692":0,"1693":0,"1694":0,"1695":0,"1696":0,"1697":0,"1698":0,"1699":0,"1700":0,"1701":0,"1702":0,"1703":0,"1704":0,"1705":0,"1706":0,"1707":0,"1708":0,"1709":0,"1710":0,"1711":0,"1712":0,"1713":0,"1714":0,"1715":0,"1716":0,"1717":0,"1718":0,"1719":0,"1720":0,"1721":0,"1722":0,"1723":0,"1724":0,"1725":0,"1726":0,"1727":0,"1728":0,"1729":0,"1730":0,"1731":0,"1732":0,"1733":0,"1734":0,"1735":0,"1736":0,"1737":0,"1738":0,"1739":0,"1740":0,"1741":0,"1742":0,"1743":0,"1744":0,"1745":0,"1746":0,"1747":0,"1748":0,"1749":0,"1750":0,"1751":0,"1752":0,"1753":0,"1754":0,"1755":0,"1756":0,"1757":0,"1758":0,"1759":0,"1760":0,"1761":0,"1762":0,"1763":0,"1764":0,"1765":0,"1766":0,"1767":0,"1768":0,"1769":0,"1770":0,"1771":0,"1772":0,"1773":0,"1774":0,"1775":0,"1776":0,"1777":0,"1778":0,"1779":0,"1780":0,"1781":0,"1782":0,"1783":0,"1784":0,"1785":0,"1786":0,"1787":0,"1788":0,"1789":0,"1790":0,"1791":0,"1792":0,"1793":0,"1794":0,"1795":0,"1796":0,"1797":0,"1798":0,"1799":0,"1800":0,"1801":0,"1802":0,"1803":0,"1804":0,"1805":0,"1806":0,"1807":0,"1808":0,"1809":0,"1810":0,"1811":0,"1812":0,"1813":0,"1814":0,"1815":0,"1816":0,"1817":0,"1818":0,"1819":0,"1820":0,"1821":0,"1822":0,"1823":0,"1824":0,"1825":0,"1826":0,"1827":0,"1828":0,"1829":0,"1830":0,"1831":0,"1832":0,"1833":0,"1834":0,"1835":0,"1836":0,"1837":0,"1838":0,"1839":0,"1840":0,"1841":0,"1842":0,"1843":0,"1844":0,"1845":0,"1846":0,"1847":0,"1848":0,"1849":0,"1850":0,"1851":0,"1852":0,"1853":0,"1854":0,"1855":0,"1856":0,"1857":0,"1858":0,"1859":0,"1860":0,"1861":0,"1862":0,"1863":0,"1864":0,"1865":0,"1866":0,"1867":0,"1868":0,"1869":0,"1870":0,"1871":0,"1872":0,"1873":0,"1874":0,"1875":0,"1876":0,"1877":0,"1878":0,"1879":0,"1880":0,"1881":0,"1882":0,"1883":0,"1884":0,"1885":0,"1886":0,"1887":0,"1888":0,"1889":0,"1890":0,"1891":0,"1892":0,"1893":0,"1894":0,"1895":0,"1896":0,"1897":0,"1898":0,"1899":0,"1900":0,"1901":0,"1902":0,"1903":0,"1904":0,"1905":0,"1906":0,"1907":0,"1908":0,"1909":0,"1910":0,"1911":0,"1912":0,"1913":0,"1914":0,"1915":0,"1916":0,"1917":0,"1918":0,"1919":0,"1920":0,"1921":0,"1922":0,"1923":0,"1924":0,"1925":0,"1926":0,"1927":0,"1928":0,"1929":0,"1930":0,"1931":0,"1932":0,"1933":0,"1934":0,"1935":0,"1936":0,"1937":0,"1938":0,"1939":0,"1940":0,"1941":0,"1942":0,"1943":0,"1944":0,"1945":0,"1946":0,"1947":0,"1948":0,"1949":0,"1950":0,"1951":0,"1952":0,"1953":0,"1954":0,"1955":0,"1956":0,"1957":0,"1958":0,"1959":0,"1960":0,"1961":0,"1962":0,"1963":0,"1964":0,"1965":0,"1966":0,"1967":0,"1968":0,"1969":0,"1970":0,"1971":0,"1972":0,"1973":0,"1974":0,"1975":0,"1976":0,"1977":0,"1978":0,"1979":0,"1980":0,"1981":0,"1982":0,"1983":0,"1984":0,"1985":0,"1986":0,"1987":0,"1988":0,"1989":0,"1990":0,"1991":0,"1992":0,"1993":0,"1994":0,"1995":0,"1996":0,"1997":0,"1998":0,"1999":0,"2000":0,"2001":0,"2002":0,"2003":0,"2004":0,"2005":0,"2006":0,"2007":0,"2008":0,"2009":0,"2010":0,"2011":0,"2012":0,"2013":0,"2014":0,"2015":0,"2016":0,"2017":0,"2018":0,"2019":0,"2020":0,"2021":0,"2022":0,"2023":0,"2024":0,"2025":0,"2026":0,"2027":0,"2028":0,"2029":0,"2030":0,"2031":0,"2032":0,"2033":0,"2034":0,"2035":0,"2036":0,"2037":0,"2038":0,"2039":0,"2040":0,"2041":0,"2042":0,"2043":0,"2044":0,"2045":0,"2046":0,"2047":0,"2048":0,"2049":0,"2050":0,"2051":0,"2052":0,"2053":0,"2054":0,"2055":0,"2056":0,"2057":0,"2058":0,"2059":0,"2060":0,"2061":0,"2062":0,"2063":0,"2064":0,"2065":0,"2066":0,"2067":0,"2068":0,"2069":0,"2070":0,"2071":0,"2072":0,"2073":0,"2074":0,"2075":0,"2076":0,"2077":0,"2078":0,"2079":0,"2080":0,"2081":0,"2082":0,"2083":0,"2084":0,"2085":0,"2086":0,"2087":0,"2088":0,"2089":0,"2090":0,"2091":0,"2092":0,"2093":0,"2094":0,"2095":0,"2096":0,"2097":0,"2098":0,"2099":0,"2100":0,"2101":0,"2102":0,"2103":0,"2104":0,"2105":0,"2106":0,"2107":0,"2108":0,"2109":0,"2110":0,"2111":0,"2112":0,"2113":0,"2114":0,"2115":0,"2116":0,"2117":0,"2118":0,"2119":0,"2120":0,"2121":0,"2122":0,"2123":0,"2124":0,"2125":0,"2126":0,"2127":0,"2128":0,"2129":0,"2130":0,"2131":0,"2132":0,"2133":0,"2134":0,"2135":0,"2136":0,"2137":0,"2138":0,"2139":0,"2140":0,"2141":0,"2142":0,"2143":0,"2144":0,"2145":0,"2146":0,"2147":0,"2148":0,"2149":0,"2150":0,"2151":0,"2152":0,"2153":0,"2154":0,"2155":0,"2156":0,"2157":0,"2158":0,"2159":0,"2160":0,"2161":0,"2162":0,"2163":0,"2164":0,"2165":0,"2166":0,"2167":0,"2168":0,"2169":0,"2170":0,"2171":0,"2172":0,"2173":0,"2174":0,"2175":0,"2176":0,"2177":0,"2178":0,"2179":0,"2180":0,"2181":0,"2182":0,"2183":0,"2184":0,"2185":0,"2186":0,"2187":0,"2188":0,"2189":0,"2190":0,"2191":0,"2192":0,"2193":0,"2194":0,"2195":0,"2196":0,"2197":0,"2198":0,"2199":0,"2200":0,"2201":0,"2202":0,"2203":0,"2204":0,"2205":0,"2206":0,"2207":0,"2208":0,"2209":0,"2210":0,"2211":0,"2212":0,"2213":0,"2214":0,"2215":0,"2216":0,"2217":0,"2218":0,"2219":0,"2220":0,"2221":0,"2222":0,"2223":0,"2224":0,"2225":0,"2226":0,"2227":0,"2228":0,"2229":0,"2230":0,"2231":0,"2232":0,"2233":0,"2234":0,"2235":0,"2236":0,"2237":0,"2238":0,"2239":0,"2240":0,"2241":0,"2242":0,"2243":0,"2244":0,"2245":0,"2246":0,"2247":0,"2248":0,"2249":0,"2250":0,"2251":0,"2252":0,"2253":0,"2254":0,"2255":0,"2256":0,"2257":0,"2258":0,"2259":0,"2260":0,"2261":0,"2262":0,"2263":0,"2264":0,"2265":0,"2266":0,"2267":0,"2268":0,"2269":0,"2270":0,"2271":0,"2272":0,"2273":0,"2274":0,"2275":0,"2276":0,"2277":0,"2278":0,"2279":0,"2280":0,"2281":0,"2282":0,"2283":0,"2284":0,"2285":0,"2286":0,"2287":0,"2288":0,"2289":0,"2290":0,"2291":0,"2292":0,"2293":0,"2294":0,"2295":0,"2296":0,"2297":0,"2298":0,"2299":0,"2300":0,"2301":0,"2302":0,"2303":0,"2304":0,"2305":0,"2306":0,"2307":0,"2308":0,"2309":0,"2310":0,"2311":0,"2312":0,"2313":0,"2314":0,"2315":0,"2316":0,"2317":0,"2318":0,"2319":0,"2320":0,"2321":0,"2322":0,"2323":0,"2324":0,"2325":0,"2326":0,"2327":0,"2328":0,"2329":0,"2330":0,"2331":0,"2332":0,"2333":0,"2334":0,"2335":0,"2336":0,"2337":0,"2338":0,"2339":0,"2340":0,"2341":0,"2342":0,"2343":0,"2344":0,"2345":0,"2346":0,"2347":0,"2348":0,"2349":0,"2350":0,"2351":0,"2352":0,"2353":0,"2354":0,"2355":0,"2356":0,"2357":0,"2358":0,"2359":0,"2360":0,"2361":0,"2362":0,"2363":0,"2364":0,"2365":0,"2366":0,"2367":0,"2368":0,"2369":0,"2370":0,"2371":0,"2372":0,"2373":0,"2374":0,"2375":0,"2376":0,"2377":0,"2378":0,"2379":0,"2380":0,"2381":0,"2382":0,"2383":0,"2384":0,"2385":0,"2386":0,"2387":0,"2388":0,"2389":0,"2390":0,"2391":0,"2392":0,"2393":0,"2394":0,"2395":0,"2396":0,"2397":0,"2398":0,"2399":0,"2400":0,"2401":0,"2402":0,"2403":0,"2404":0,"2405":0,"2406":0,"2407":0,"2408":0,"2409":0,"2410":0,"2411":0,"2412":0,"2413":0,"2414":0,"2415":0,"2416":0,"2417":0,"2418":0,"2419":0,"2420":0,"2421":0,"2422":0,"2423":0,"2424":0,"2425":0,"2426":0,"2427":0,"2428":0,"2429":0,"2430":0,"2431":0,"2432":0,"2433":0,"2434":0,"2435":0,"2436":0,"2437":0,"2438":0,"2439":0,"2440":0,"2441":0,"2442":0,"2443":0,"2444":0,"2445":0,"2446":0,"2447":0,"2448":0,"2449":0,"2450":0,"2451":0,"2452":0,"2453":0,"2454":0,"2455":0,"2456":0,"2457":0,"2458":0,"2459":0,"2460":0,"2461":0,"2462":0,"2463":0,"2464":0,"2465":0,"2466":0,"2467":0,"2468":0,"2469":0,"2470":0,"2471":0,"2472":0,"2473":0,"2474":0,"2475":0,"2476":0,"2477":0,"2478":0,"2479":0,"2480":0,"2481":0,"2482":0,"2483":0,"2484":0,"2485":0,"2486":0,"2487":0,"2488":0,"2489":0,"2490":0,"2491":0,"2492":0,"2493":0,"2494":0,"2495":0,"2496":0,"2497":0,"2498":0,"2499":0,"2500":0,"2501":0,"2502":0,"2503":0,"2504":0,"2505":0,"2506":0,"2507":0,"2508":0,"2509":0,"2510":0,"2511":0,"2512":0,"2513":0,"2514":0,"2515":0,"2516":0,"2517":0,"2518":0,"2519":0,"2520":0,"2521":0,"2522":0,"2523":0,"2524":0,"2525":0,"2526":0,"2527":0,"2528":0,"2529":0,"2530":0,"2531":0,"2532":0,"2533":0,"2534":0,"2535":0,"2536":0,"2537":0,"2538":0,"2539":0,"2540":0,"2541":0,"2542":0,"2543":0,"2544":0,"2545":0,"2546":0,"2547":0,"2548":0,"2549":0,"2550":0,"2551":0,"2552":0,"2553":0,"2554":0,"2555":0,"2556":0,"2557":0,"2558":0,"2559":0,"2560":0,"2561":0,"2562":0,"2563":0,"2564":0,"2565":0,"2566":0,"2567":0,"2568":0,"2569":0,"2570":0,"2571":0,"2572":0,"2573":0,"2574":0,"2575":0,"2576":0,"2577":0,"2578":0,"2579":0,"2580":0,"2581":0,"2582":0,"2583":0,"2584":0,"2585":0,"2586":0,"2587":0,"2588":0,"2589":0,"2590":0,"2591":0,"2592":0,"2593":0,"2594":0,"2595":0,"2596":0,"2597":0,"2598":0,"2599":0,"2600":0,"2601":0,"2602":0,"2603":0,"2604":0,"2605":0,"2606":0,"2607":0,"2608":0,"2609":0,"2610":0,"2611":0,"2612":0,"2613":0,"2614":0,"2615":0,"2616":0,"2617":0,"2618":0,"2619":0,"2620":0,"2621":0,"2622":0,"2623":0,"2624":0,"2625":0,"2626":0,"2627":0,"2628":0,"2629":0,"2630":0,"2631":0,"2632":0,"2633":0,"2634":0,"2635":0,"2636":0,"2637":0,"2638":0,"2639":0,"2640":0,"2641":0,"2642":0,"2643":0,"2644":0,"2645":0,"2646":0,"2647":0,"2648":0,"2649":0,"2650":0,"2651":0,"2652":0,"2653":0,"2654":0,"2655":0,"2656":0,"2657":0,"2658":0,"2659":0,"2660":0,"2661":0,"2662":0,"2663":0,"2664":0,"2665":0,"2666":0,"2667":0,"2668":0,"2669":0,"2670":0,"2671":0,"2672":0,"2673":0,"2674":0,"2675":0,"2676":0,"2677":0,"2678":0,"2679":0,"2680":0,"2681":0,"2682":0,"2683":0,"2684":0,"2685":0,"2686":0,"2687":0,"2688":0,"2689":0,"2690":0,"2691":0,"2692":0,"2693":0,"2694":0,"2695":0,"2696":0,"2697":0,"2698":0,"2699":0,"2700":0,"2701":0,"2702":0,"2703":0,"2704":0,"2705":0,"2706":0,"2707":0,"2708":0,"2709":0,"2710":0,"2711":0,"2712":0,"2713":0,"2714":0,"2715":0,"2716":0,"2717":0,"2718":0,"2719":0,"2720":0,"2721":0,"2722":0,"2723":0,"2724":0,"2725":0,"2726":0,"2727":0,"2728":0,"2729":0,"2730":0,"2731":0,"2732":0,"2733":0,"2734":0,"2735":0,"2736":0,"2737":0,"2738":0,"2739":0,"2740":0,"2741":0,"2742":0,"2743":0,"2744":0,"2745":0,"2746":0,"2747":0,"2748":0,"2749":0,"2750":0,"2751":0,"2752":0,"2753":0,"2754":0,"2755":0,"2756":0,"2757":0,"2758":0,"2759":0,"2760":0,"2761":0,"2762":0,"2763":0,"2764":0,"2765":0,"2766":0,"2767":0,"2768":0,"2769":0,"2770":0,"2771":0,"2772":0,"2773":0,"2774":0,"2775":0,"2776":0,"2777":0,"2778":0,"2779":0,"2780":0,"2781":0,"2782":0,"2783":0,"2784":0,"2785":0,"2786":0,"2787":0,"2788":0,"2789":0,"2790":0,"2791":0,"2792":0,"2793":0,"2794":0,"2795":0,"2796":0,"2797":0,"2798":0,"2799":0,"2800":0,"2801":0,"2802":0,"2803":0,"2804":0,"2805":0,"2806":0,"2807":0,"2808":0,"2809":0,"2810":0,"2811":0,"2812":0,"2813":0,"2814":0,"2815":0,"2816":0,"2817":0,"2818":0,"2819":0,"2820":0,"2821":0,"2822":0,"2823":0,"2824":0,"2825":0,"2826":0,"2827":0,"2828":0,"2829":0,"2830":0,"2831":0,"2832":0,"2833":0,"2834":0,"2835":0,"2836":0,"2837":0,"2838":0,"2839":0,"2840":0,"2841":0,"2842":0,"2843":0,"2844":0,"2845":0,"2846":0,"2847":0,"2848":0},"branchMap":{"0":{"type":"branch","line":1,"loc":{"start":{"line":1,"column":0},"end":{"line":2849,"column":89}},"locations":[{"start":{"line":1,"column":0},"end":{"line":2849,"column":89}}]}},"b":{"0":[0]},"fnMap":{"0":{"name":"(empty-report)","decl":{"start":{"line":1,"column":0},"end":{"line":2849,"column":89}},"loc":{"start":{"line":1,"column":0},"end":{"line":2849,"column":89}},"line":1}},"f":{"0":0}}
,"/home/vboxuser/Desktop/programming/meistericons/packages/build-icons/lib/umd/build-icons.umd.min.js": {"path":"/home/vboxuser/Desktop/programming/meistericons/packages/build-icons/lib/umd/build-icons.umd.min.js","all":true,"statementMap":{"0":{"start":{"line":1,"column":0},"end":{"line":1,"column":1392125}},"1":{"start":{"line":2,"column":0},"end":{"line":2,"column":3}},"2":{"start":{"line":3,"column":0},"end":{"line":3,"column":37}},"3":{"start":{"line":4,"column":0},"end":{"line":4,"column":2}},"4":{"start":{"line":5,"column":0},"end":{"line":5,"column":53}},"5":{"start":{"line":6,"column":0},"end":{"line":6,"column":16}},"6":{"start":{"line":7,"column":0},"end":{"line":7,"column":3}},"7":{"start":{"line":8,"column":0},"end":{"line":8,"column":12104}}},"s":{"0":0,"1":0,"2":0,"3":0,"4":0,"5":0,"6":0,"7":0},"branchMap":{"0":{"type":"branch","line":1,"loc":{"start":{"line":1,"column":0},"end":{"line":8,"column":12104}},"locations":[{"start":{"line":1,"column":0},"end":{"line":8,"column":12104}}]}},"b":{"0":[0]},"fnMap":{"0":{"name":"(empty-report)","decl":{"start":{"line":1,"column":0},"end":{"line":8,"column":12104}},"loc":{"start":{"line":1,"column":0},"end":{"line":8,"column":12104}},"line":1}},"f":{"0":0}}
}
